Analysis initiated from SIMULIA established products
Abaqus JOB quadlin-10
Abaqus 2022
Abaqus License Manager checked out the following licenses:
Abaqus/Standard checked out 5 tokens from Flexnet server ls.dem.tecnico.ulisboa.pt.
<50 out of 75 licenses remain available>.
Begin Analysis Input File Processor
23/10/2024 13:18:14
Run pre.exe
23/10/2024 13:18:21
End Analysis Input File Processor
Begin Abaqus/Standard Analysis
23/10/2024 13:18:21
Run standard.exe
23/10/2024 13:18:28
End Abaqus/Standard Analysis
Begin SIM Wrap-up
23/10/2024 13:18:30
Run SMASimUtility.exe
23/10/2024 13:18:30
End SIM Wrap-up
Abaqus JOB quadlin-10 COMPLETED
