Analysis initiated from SIMULIA established products
Abaqus JOB quad-quad-5
Abaqus 2022
Abaqus License Manager checked out the following licenses:
Abaqus/Standard checked out 5 tokens from Flexnet server ls.dem.tecnico.ulisboa.pt.
<59 out of 75 licenses remain available>.
Begin Analysis Input File Processor
23/10/2024 15:52:23
Run pre.exe
23/10/2024 15:52:31
End Analysis Input File Processor
Begin Abaqus/Standard Analysis
23/10/2024 15:52:31
Run standard.exe
23/10/2024 15:52:38
End Abaqus/Standard Analysis
Begin SIM Wrap-up
23/10/2024 15:52:40
Run SMASimUtility.exe
23/10/2024 15:52:40
End SIM Wrap-up
Abaqus JOB quad-quad-5 COMPLETED
