Analysis initiated from SIMULIA established products
Abaqus JOB quad-quad-2
Abaqus 2022
Abaqus License Manager checked out the following licenses:
Abaqus/Standard checked out 5 tokens from Flexnet server ls.dem.tecnico.ulisboa.pt.
<59 out of 75 licenses remain available>.
Begin Analysis Input File Processor
23/10/2024 16:18:16
Run pre.exe
23/10/2024 16:18:23
End Analysis Input File Processor
Begin Abaqus/Standard Analysis
23/10/2024 16:18:23
Run standard.exe
23/10/2024 16:18:30
End Abaqus/Standard Analysis
Begin SIM Wrap-up
23/10/2024 16:18:32
Run SMASimUtility.exe
23/10/2024 16:18:32
End SIM Wrap-up
Abaqus JOB quad-quad-2 COMPLETED
