Analysis initiated from SIMULIA established products
Abaqus JOB tri-quad-025
Abaqus 2022
Abaqus License Manager checked out the following licenses:
Abaqus/Standard checked out 5 tokens from Flexnet server ls.dem.tecnico.ulisboa.pt.
<54 out of 75 licenses remain available>.
Begin Analysis Input File Processor
23/10/2024 17:11:21
Run pre.exe
23/10/2024 17:11:33
End Analysis Input File Processor
Begin Abaqus/Standard Analysis
23/10/2024 17:11:33
Run standard.exe
23/10/2024 17:11:52
End Abaqus/Standard Analysis
Begin SIM Wrap-up
23/10/2024 17:11:53
Run SMASimUtility.exe
23/10/2024 17:11:54
End SIM Wrap-up
Abaqus JOB tri-quad-025 COMPLETED
