Analysis initiated from SIMULIA established products
Abaqus JOB tri-lin-10
Abaqus 2022
Abaqus License Manager checked out the following licenses:
Abaqus/Standard checked out 5 tokens from Flexnet server ls.dem.tecnico.ulisboa.pt.
<65 out of 75 licenses remain available>.
Begin Analysis Input File Processor
23/10/2024 15:43:32
Run pre.exe
23/10/2024 15:43:39
End Analysis Input File Processor
Begin Abaqus/Standard Analysis
23/10/2024 15:43:39
Run standard.exe
23/10/2024 15:43:46
End Abaqus/Standard Analysis
Begin SIM Wrap-up
23/10/2024 15:43:48
Run SMASimUtility.exe
23/10/2024 15:43:48
End SIM Wrap-up
Abaqus JOB tri-lin-10 COMPLETED
