Analysis initiated from SIMULIA established products
Abaqus JOB BLAH-bonebase
Abaqus 2022
Abaqus License Manager checked out the following licenses:
Abaqus/Standard checked out 5 tokens from Flexnet server ls.dem.tecnico.ulisboa.pt.
<60 out of 75 licenses remain available>.
Begin Analysis Input File Processor
25/10/2024 16:52:13
Run pre.exe
25/10/2024 16:52:21
End Analysis Input File Processor
Begin Abaqus/Standard Analysis
25/10/2024 16:52:21
Run standard.exe
25/10/2024 16:52:28
End Abaqus/Standard Analysis
Begin SIM Wrap-up
25/10/2024 16:52:30
Run SMASimUtility.exe
25/10/2024 16:52:30
End SIM Wrap-up
Abaqus JOB BLAH-bonebase COMPLETED
