Analysis initiated from SIMULIA established products
Abaqus JOB BLAH-implant-base
Abaqus 2022
Abaqus License Manager checked out the following licenses:
Abaqus/Standard checked out 5 tokens from Flexnet server ls.dem.tecnico.ulisboa.pt.
<65 out of 75 licenses remain available>.
Begin Analysis Input File Processor
25/10/2024 17:35:20
Run pre.exe
25/10/2024 17:35:28
End Analysis Input File Processor
Begin Abaqus/Standard Analysis
25/10/2024 17:35:28
Run standard.exe
25/10/2024 17:35:35
End Abaqus/Standard Analysis
Begin SIM Wrap-up
25/10/2024 17:35:36
Run SMASimUtility.exe
25/10/2024 17:35:36
End SIM Wrap-up
Abaqus JOB BLAH-implant-base COMPLETED
