Analysis initiated from SIMULIA established products
Abaqus JOB BLAH-reduced-imp
Abaqus 2022
Abaqus License Manager checked out the following licenses:
Abaqus/Standard checked out 5 tokens from Flexnet server ls.dem.tecnico.ulisboa.pt.
<60 out of 75 licenses remain available>.
Begin Analysis Input File Processor
25/10/2024 17:20:46
Run pre.exe
25/10/2024 17:20:53
End Analysis Input File Processor
Begin Abaqus/Standard Analysis
25/10/2024 17:20:53
Run standard.exe
25/10/2024 17:21:00
End Abaqus/Standard Analysis
Begin SIM Wrap-up
25/10/2024 17:21:02
Run SMASimUtility.exe
25/10/2024 17:21:02
End SIM Wrap-up
Abaqus JOB BLAH-reduced-imp COMPLETED
