********************************************************************************
Probe Values Report, written on Fri Oct 25 14:45:37 2024

Source
-------

   ODB: C:/temp/boneimp-tit.odb
   Step: Step-1
   Frame: Increment      1: Step Time =    1.000
   Variable: U, Magnitude

Probe values reported at nodes

  Part Instance     Node ID                     Orig. Coords                                       Def. Coords                   
                                    X                Y                Z                X                Y                Z       
-------------------------------------------------------------------------------------------------------------------------------
  IMP-OSSO-1        2874           8.9937         -31.6131               0.          8.99439         -31.6132               0.
  IMP-OSSO-1        3175          8.35238         -10.5505               0.          8.35698          -10.551               0.
  IMPLANTE-2-COPY4-1        1288          11.4841          12.6487               0.          11.4934           12.647               0.
  IMPLANTE-2-COPY4-1        2197         -6.26117          31.4073               0.         -6.24921          31.4078               0.


  Part Instance     Node ID  Attached elements     U, Magnitude
----------------------------------------------------------------
  IMP-OSSO-1        2874              725      697.456E-06
  IMP-OSSO-1        2874              786      697.456E-06
  IMP-OSSO-1        3175              915      4.62707E-03
  IMP-OSSO-1        3175              945      4.62707E-03
  IMPLANTE-2-COPY4-1        1288              222      9.47483E-03
  IMPLANTE-2-COPY4-1        1288              247      9.47483E-03
  IMPLANTE-2-COPY4-1        2197              668       11.974E-03
  IMPLANTE-2-COPY4-1        2197              698       11.974E-03


