Analysis initiated from SIMULIA established products
Abaqus JOB CORT-tit
Abaqus 2022
Abaqus License Manager checked out the following licenses:
Abaqus/Standard checked out 5 tokens from Flexnet server ls.dem.tecnico.ulisboa.pt.
<65 out of 75 licenses remain available>.
Begin Analysis Input File Processor
25/10/2024 18:44:25
Run pre.exe
25/10/2024 18:44:33
End Analysis Input File Processor
Begin Abaqus/Standard Analysis
25/10/2024 18:44:33
Run standard.exe
25/10/2024 18:44:40
End Abaqus/Standard Analysis
Begin SIM Wrap-up
25/10/2024 18:44:42
Run SMASimUtility.exe
25/10/2024 18:44:42
End SIM Wrap-up
Abaqus JOB CORT-tit COMPLETED
