Analysis initiated from SIMULIA established products
Abaqus JOB CORT-steel
Abaqus 2022
Abaqus License Manager checked out the following licenses:
Abaqus/Standard checked out 5 tokens from Flexnet server ls.dem.tecnico.ulisboa.pt.
<60 out of 75 licenses remain available>.
Begin Analysis Input File Processor
25/10/2024 18:38:51
Run pre.exe
25/10/2024 18:38:59
End Analysis Input File Processor
Begin Abaqus/Standard Analysis
25/10/2024 18:38:59
Run standard.exe
25/10/2024 18:39:06
End Abaqus/Standard Analysis
Begin SIM Wrap-up
25/10/2024 18:39:08
Run SMASimUtility.exe
25/10/2024 18:39:08
End SIM Wrap-up
Abaqus JOB CORT-steel COMPLETED
