Analysis initiated from SIMULIA established products
Abaqus JOB DIV-05imp
Abaqus 2022
Abaqus License Manager checked out the following licenses:
Abaqus/Standard checked out 5 tokens from Flexnet server ls.dem.tecnico.ulisboa.pt.
<65 out of 75 licenses remain available>.
Begin Analysis Input File Processor
25/10/2024 19:10:14
Run pre.exe
25/10/2024 19:10:21
End Analysis Input File Processor
Begin Abaqus/Standard Analysis
25/10/2024 19:10:21
Run standard.exe
25/10/2024 19:10:28
End Abaqus/Standard Analysis
Begin SIM Wrap-up
25/10/2024 19:10:30
Run SMASimUtility.exe
25/10/2024 19:10:30
End SIM Wrap-up
Abaqus JOB DIV-05imp COMPLETED
