********************************************************************************
Probe Values Report, written on Fri Oct 25 12:29:55 2024

Source
-------

   ODB: C:/temp/osso-implante-base.odb
   Step: Step-1
   Frame: Increment      1: Step Time =    1.000
   Variable: S, Mises (Avg: 75)

Probe values reported at nodes

  Part Instance     Node ID            Orig. Coords                     Def. Coords          
                                 X          Y          Z          X          Y          Z    
-------------------------------------------------------------------------------------------
  IMPLANTE-2-COPY4-1        1300        10.        14.        0.0        10.        14.        0.0
  IMPLANTE-2-COPY4-1        2210        -3.        32.        0.0        -3.        32.        0.0
  OSSO-DIVIDED-CUT-1        1875        10.       -27.        0.0        10.       -27.        0.0


  Part Instance     Node ID  Attached elements   S, Mises
----------------------------------------------------------
  IMPLANTE-2-COPY4-1        1300        221   766.E-03
  IMPLANTE-2-COPY4-1        1300        242   766.E-03
  IMPLANTE-2-COPY4-1        2210        665         1.
  IMPLANTE-2-COPY4-1        2210        678         1.
  OSSO-DIVIDED-CUT-1        1875        183   390.E-03
  OSSO-DIVIDED-CUT-1        1875        754   390.E-03


