Analysis initiated from SIMULIA established products
Abaqus JOB osso-implante-titanium
Abaqus 2022
Abaqus License Manager checked out the following licenses:
Abaqus/Standard checked out 5 tokens from Flexnet server ls.dem.tecnico.ulisboa.pt.
<47 out of 75 licenses remain available>.
Begin Analysis Input File Processor
25/10/2024 12:51:24
Run pre.exe
25/10/2024 12:51:32
End Analysis Input File Processor
Begin Abaqus/Standard Analysis
25/10/2024 12:51:32
Run standard.exe
25/10/2024 12:51:39
End Abaqus/Standard Analysis
Begin SIM Wrap-up
25/10/2024 12:51:40
Run SMASimUtility.exe
25/10/2024 12:51:40
End SIM Wrap-up
Abaqus JOB osso-implante-titanium COMPLETED
