Analysis initiated from SIMULIA established products
Abaqus JOB osso-imp-cocr
Abaqus 2022
Abaqus License Manager checked out the following licenses:
Abaqus/Standard checked out 5 tokens from Flexnet server ls.dem.tecnico.ulisboa.pt.
<60 out of 75 licenses remain available>.
Begin Analysis Input File Processor
25/10/2024 13:00:51
Run pre.exe
25/10/2024 13:00:59
End Analysis Input File Processor
Begin Abaqus/Standard Analysis
25/10/2024 13:00:59
Run standard.exe
25/10/2024 13:01:06
End Abaqus/Standard Analysis
Begin SIM Wrap-up
25/10/2024 13:01:07
Run SMASimUtility.exe
25/10/2024 13:01:07
End SIM Wrap-up
Abaqus JOB osso-imp-cocr COMPLETED
