Analysis initiated from SIMULIA established products
Abaqus JOB osso-implante-base
Abaqus 2022
Abaqus License Manager checked out the following licenses:
Abaqus/Standard checked out 5 tokens from Flexnet server ls.dem.tecnico.ulisboa.pt.
<53 out of 75 licenses remain available>.
Begin Analysis Input File Processor
25/10/2024 12:28:16
Run pre.exe
25/10/2024 12:28:24
End Analysis Input File Processor
Begin Abaqus/Standard Analysis
25/10/2024 12:28:24
Run standard.exe
25/10/2024 12:28:31
End Abaqus/Standard Analysis
Begin SIM Wrap-up
25/10/2024 12:28:33
Run SMASimUtility.exe
25/10/2024 12:28:33
End SIM Wrap-up
Abaqus JOB osso-implante-base COMPLETED
