Analysis initiated from SIMULIA established products
Abaqus JOB supra-half
Abaqus 2022
Abaqus License Manager checked out the following licenses:
Abaqus/Standard checked out 5 tokens from Flexnet server ls.dem.tecnico.ulisboa.pt.
<55 out of 75 licenses remain available>.
Begin Analysis Input File Processor
25/10/2024 13:06:04
Run pre.exe
25/10/2024 13:06:12
End Analysis Input File Processor
Begin Abaqus/Standard Analysis
25/10/2024 13:06:12
Run standard.exe
25/10/2024 13:06:19
End Abaqus/Standard Analysis
Begin SIM Wrap-up
25/10/2024 13:06:21
Run SMASimUtility.exe
25/10/2024 13:06:21
End SIM Wrap-up
Abaqus JOB supra-half COMPLETED
