********************************************************************************
Probe Values Report, written on Fri Oct 25 13:13:02 2024

Source
-------

   ODB: C:/temp/supra-total.odb
   Step: Step-1
   Frame: Increment      1: Step Time =    1.000
   Variable: S, Mises (Avg: 75)

Probe values reported at nodes

  Part Instance     Node ID                     Orig. Coords                                       Def. Coords                   
                                    X                Y                Z                X                Y                Z       
-------------------------------------------------------------------------------------------------------------------------------
  IMPLANTE-2-COPY4-1        1300          10.1536          14.2653               0.          10.2186           14.259               0.
  IMPLANTE-2-COPY4-1        2210         -3.43434          31.8012               0.         -3.34874          31.8105               0.
  OSSO-DIVIDED-CUT-1        1875           9.8876         -26.9024               0.          9.89947         -26.9042               0.


  Part Instance     Node ID  Attached elements         S, Mises
----------------------------------------------------------------
  IMPLANTE-2-COPY4-1        1300              221          1.37025
  IMPLANTE-2-COPY4-1        1300              242          1.37025
  IMPLANTE-2-COPY4-1        2210              665           1.4069
  IMPLANTE-2-COPY4-1        2210              678           1.4069
  OSSO-DIVIDED-CUT-1        1875              183      633.114E-03
  OSSO-DIVIDED-CUT-1        1875              754      633.114E-03


