********************************************************************************
Probe Values Report, written on Wed Oct 23 16:42:40 2024

Source
-------

   ODB: C:/temp/quad-lin-05.odb
   Step: step-1
   Frame: Increment      1: Step Time =    1.000
   Variable: U, Magnitude

Probe values reported at nodes

  Part Instance     Node ID                     Orig. Coords                                       Def. Coords                   
                                    X                Y                Z                X                Y                Z       
-------------------------------------------------------------------------------------------------------------------------------
      OSSO-4          51          25.2539         -15.0587               0.          25.2559         -15.0603               0.
      OSSO-4          67          28.9005          7.19905               0.          28.9044          7.19728               0.
      OSSO-4         115          14.2395          43.8071               0.          14.2449           43.806               0.
      OSSO-4         211         -3.61857         -24.8145               0.         -3.61748          -24.814               0.


  Part Instance     Node ID  Attached elements     U, Magnitude
----------------------------------------------------------------
      OSSO-4          51              525      2.58641E-03
      OSSO-4          51              526      2.58641E-03
      OSSO-4          67             5347       4.2196E-03
      OSSO-4          67             5987       4.2196E-03
      OSSO-4         115              774       5.5608E-03
      OSSO-4         115             5372       5.5608E-03
      OSSO-4         211             1232      1.20685E-03
      OSSO-4         211             1233      1.20685E-03


