********************************************************************************
Probe Values Report, written on Wed Oct 23 15:53:58 2024

Source
-------

   ODB: C:/temp/quad-quad-5.odb
   Step: step-1
   Frame: Increment      1: Step Time =    1.000
   Variable: U, Magnitude

Probe values reported at nodes

  Part Instance     Node ID                     Orig. Coords                                       Def. Coords                   
                                    X                Y                Z                X                Y                Z       
-------------------------------------------------------------------------------------------------------------------------------
      OSSO-4           3          25.2539         -15.0587               0.          25.2559         -15.0602               0.
      OSSO-4           4          28.9005          7.19905               0.          28.9044          7.19728               0.
      OSSO-4          11          14.2395          43.8071               0.          14.2449           43.806               0.
      OSSO-4          31         -3.61857         -24.8145               0.         -3.61749          -24.814               0.


  Part Instance     Node ID  Attached elements     U, Magnitude
----------------------------------------------------------------
      OSSO-4           3               34       2.5771E-03
      OSSO-4           3               97       2.5771E-03
      OSSO-4           4               65      4.20568E-03
      OSSO-4           4               77      4.20568E-03
      OSSO-4          11               10      5.53911E-03
      OSSO-4          11               40      5.53911E-03
      OSSO-4          31               73      1.20014E-03
      OSSO-4          31               87      1.20014E-03


