********************************************************************************
Probe Values Report, written on Wed Oct 23 16:02:01 2024

Source
-------

   ODB: C:/temp/quad-lin-3.odb
   Step: step-1
   Frame: Increment      1: Step Time =    1.000
   Variable: U, Magnitude

Probe values reported at nodes

  Part Instance     Node ID                     Orig. Coords                                       Def. Coords                   
                                    X                Y                Z                X                Y                Z       
-------------------------------------------------------------------------------------------------------------------------------
      OSSO-4           3          25.2539         -15.0587               0.           25.256         -15.0603               0.
      OSSO-4           4          28.9005          7.19905               0.          28.9044          7.19726               0.
      OSSO-4          12          14.2395          43.8071               0.           14.245           43.806               0.
      OSSO-4          34         -3.61857         -24.8145               0.         -3.61748          -24.814               0.


  Part Instance     Node ID  Attached elements     U, Magnitude
----------------------------------------------------------------
      OSSO-4           3               43      2.59969E-03
      OSSO-4           3               65      2.59969E-03
      OSSO-4           4               50      4.23983E-03
      OSSO-4           4               85      4.23983E-03
      OSSO-4          12               57      5.59905E-03
      OSSO-4          12               90      5.59905E-03
      OSSO-4          34               32      1.20831E-03
      OSSO-4          34               66      1.20831E-03


