********************************************************************************
Probe Values Report, written on Wed Oct 23 16:30:07 2024

Source
-------

   ODB: C:/temp/quad-lin-1.odb
   Step: step-1
   Frame: Increment      1: Step Time =    1.000
   Variable: U, Magnitude

Probe values reported at nodes

  Part Instance     Node ID                     Orig. Coords                                       Def. Coords                   
                                    X                Y                Z                X                Y                Z       
-------------------------------------------------------------------------------------------------------------------------------
      OSSO-4          25          25.2539         -15.0587               0.          25.2559         -15.0603               0.
      OSSO-4          33          28.9005          7.19905               0.          28.9044          7.19727               0.
      OSSO-4          58          14.2395          43.8071               0.          14.2449           43.806               0.
      OSSO-4         100         -3.61857         -24.8145               0.         -3.61748          -24.814               0.


  Part Instance     Node ID  Attached elements     U, Magnitude
----------------------------------------------------------------
      OSSO-4          25              133      2.58698E-03
      OSSO-4          25             1393      2.58698E-03
      OSSO-4          33             1078      4.22145E-03
      OSSO-4          33             1405      4.22145E-03
      OSSO-4          58              231      5.56413E-03
      OSSO-4          58             1592      5.56413E-03
      OSSO-4         100             1451      1.20696E-03
      OSSO-4         100             1452      1.20696E-03


