********************************************************************************
Probe Values Report, written on Thu Oct 24 14:13:17 2024

Source
-------

   ODB: C:/temp/quad-quad-10.odb
   Step: step-1
   Frame: Increment      1: Step Time =    1.000
   Variable: S, Mises (Avg: 75)

Probe values reported at nodes

  Part Instance     Node ID            Orig. Coords                     Def. Coords          
                                 X          Y          Z          X          Y          Z    
-------------------------------------------------------------------------------------------
      OSSO-4           3        25.       -15.        0.0        25.       -15.        0.0
      OSSO-4           4        29.         7.        0.0        29.         7.        0.0
      OSSO-4          10        14.        44.        0.0        14.        44.        0.0
      OSSO-4          24        -4.       -25.        0.0        -4.       -25.        0.0


  Part Instance     Node ID  Attached elements   S, Mises
----------------------------------------------------------
      OSSO-4           3         22   223.E-03
      OSSO-4           3         38   223.E-03
      OSSO-4           4         52   178.E-03
      OSSO-4           4         58   178.E-03
      OSSO-4          10         10   144.E-03
      OSSO-4          10         11   144.E-03
      OSSO-4          24          4    85.E-03
      OSSO-4          24         28    85.E-03


