Analysis initiated from SIMULIA established products
Abaqus JOB quad-quad-10-finals
Abaqus 2022
Abaqus License Manager checked out the following licenses:
Abaqus/Standard checked out 5 tokens from Flexnet server ls.dem.tecnico.ulisboa.pt.
<49 out of 75 licenses remain available>.
Begin Analysis Input File Processor
25/10/2024 16:19:34
Run pre.exe
25/10/2024 16:19:42
End Analysis Input File Processor
Begin Abaqus/Standard Analysis
25/10/2024 16:19:42
Run standard.exe
25/10/2024 16:19:49
End Abaqus/Standard Analysis
Begin SIM Wrap-up
25/10/2024 16:19:51
Run SMASimUtility.exe
25/10/2024 16:19:51
End SIM Wrap-up
Abaqus JOB quad-quad-10-finals COMPLETED
