********************************************************************************
Probe Values Report, written on Fri Oct 25 19:39:25 2024

Source
-------

   ODB: C:/temp/TRAB-NOIMP.odb
   Step: step-1
   Frame: Increment      1: Step Time =    1.000
   Variable: S, Mises (Avg: 75)

Probe values reported at nodes

  Part Instance     Node ID                   Orig. Coords                                     Def. Coords                 
                                    X               Y               Z               X               Y               Z      
-------------------------------------------------------------------------------------------------------------------------
      OSSO-4        3013         10.0171        -28.5123              0.          10.027        -28.5152              0.
      OSSO-4        5484         6.91857         13.0867              0.         6.96963         13.0784              0.


  Part Instance     Node ID  Attached elements        S, Mises
---------------------------------------------------------------
      OSSO-4        3013             317     540.142E-03
      OSSO-4        3013            1238     540.142E-03
      OSSO-4        5484            1680     342.577E-03
      OSSO-4        5484            1774     342.577E-03


