Analysis initiated from SIMULIA established products
Abaqus JOB quad10
Abaqus 2022
Abaqus License Manager checked out the following licenses:
Abaqus/Standard checked out 5 tokens from Flexnet server ls.dem.tecnico.ulisboa.pt.
<55 out of 75 licenses remain available>.
Begin Analysis Input File Processor
23/10/2024 12:57:00
Run pre.exe
23/10/2024 12:57:08
End Analysis Input File Processor
Begin Abaqus/Standard Analysis
23/10/2024 12:57:08
Run standard.exe
23/10/2024 12:57:15
End Abaqus/Standard Analysis
Begin SIM Wrap-up
23/10/2024 12:57:17
Run SMASimUtility.exe
23/10/2024 12:57:17
End SIM Wrap-up
Abaqus JOB quad10 COMPLETED
