Analysis initiated from SIMULIA established products
Abaqus JOB quad-lin-5
Abaqus 2022
Abaqus License Manager checked out the following licenses:
Abaqus/Standard checked out 5 tokens from Flexnet server ls.dem.tecnico.ulisboa.pt.
<65 out of 75 licenses remain available>.
Begin Analysis Input File Processor
23/10/2024 15:48:47
Run pre.exe
23/10/2024 15:48:54
End Analysis Input File Processor
Begin Abaqus/Standard Analysis
23/10/2024 15:48:54
Run standard.exe
23/10/2024 15:49:01
End Abaqus/Standard Analysis
Begin SIM Wrap-up
23/10/2024 15:49:03
Run SMASimUtility.exe
23/10/2024 15:49:03
End SIM Wrap-up
Abaqus JOB quad-lin-5 COMPLETED
