********************************************************************************
Probe Values Report, written on Wed Oct 23 13:14:10 2024

Source
-------

   ODB: C:/temp/quad10.odb
   Step: step-1
   Frame: Increment      1: Step Time =    1.000
   Variable: U, Magnitude

Probe values reported at nodes

  Part Instance     Node ID                     Orig. Coords                                       Def. Coords                   
                                    X                Y                Z                X                Y                Z       
-------------------------------------------------------------------------------------------------------------------------------
      OSSO-4           3          25.2539         -15.0587               0.          25.2561         -15.0605               0.
      OSSO-4           4          28.9005          7.19905               0.          28.9046            7.197               0.
      OSSO-4          10          14.2395          43.8071               0.          14.2456          43.8059               0.
      OSSO-4          24         -3.61857         -24.8145               0.         -3.61747          -24.814               0.


  Part Instance     Node ID  Attached elements     U, Magnitude
----------------------------------------------------------------
      OSSO-4           3               22       2.8033E-03
      OSSO-4           3               38       2.8033E-03
      OSSO-4           4               51      4.58007E-03
      OSSO-4           4               58      4.58007E-03
      OSSO-4          10               11      6.18878E-03
      OSSO-4          10               12      6.18878E-03
      OSSO-4          24                6      1.21939E-03
      OSSO-4          24               28      1.21939E-03


