Analysis initiated from SIMULIA established products
Abaqus JOB quad-quad-1
Abaqus 2022
Abaqus License Manager checked out the following licenses:
Abaqus/Standard checked out 5 tokens from Flexnet server ls.dem.tecnico.ulisboa.pt.
<59 out of 75 licenses remain available>.
Begin Analysis Input File Processor
23/10/2024 16:31:03
Run pre.exe
23/10/2024 16:31:11
End Analysis Input File Processor
Begin Abaqus/Standard Analysis
23/10/2024 16:31:11
Run standard.exe
23/10/2024 16:31:18
End Abaqus/Standard Analysis
Begin SIM Wrap-up
23/10/2024 16:31:19
Run SMASimUtility.exe
23/10/2024 16:31:19
End SIM Wrap-up
Abaqus JOB quad-quad-1 COMPLETED
