Analysis initiated from SIMULIA established products
Abaqus JOB quadquad-10
Abaqus 2022
Abaqus License Manager checked out the following licenses:
Abaqus/Standard checked out 5 tokens from Flexnet server ls.dem.tecnico.ulisboa.pt.
<65 out of 75 licenses remain available>.
Begin Analysis Input File Processor
23/10/2024 15:33:13
Run pre.exe
23/10/2024 15:33:21
End Analysis Input File Processor
Begin Abaqus/Standard Analysis
23/10/2024 15:33:21
Run standard.exe
23/10/2024 15:33:28
End Abaqus/Standard Analysis
Begin SIM Wrap-up
23/10/2024 15:33:30
Run SMASimUtility.exe
23/10/2024 15:33:30
End SIM Wrap-up
Abaqus JOB quadquad-10 COMPLETED
