********************************************************************************
Probe Values Report, written on Wed Oct 23 16:12:32 2024

Source
-------

   ODB: C:/temp/tri-quad-3.odb
   Step: step-1
   Frame: Increment      1: Step Time =    1.000
   Variable: U, Magnitude

Probe values reported at nodes

  Part Instance     Node ID                     Orig. Coords                                       Def. Coords                   
                                    X                Y                Z                X                Y                Z       
-------------------------------------------------------------------------------------------------------------------------------
      OSSO-4           3          25.2539         -15.0587               0.          25.2559         -15.0603               0.
      OSSO-4           4          28.9005          7.19905               0.          28.9044          7.19728               0.
      OSSO-4          12          14.2395          43.8071               0.          14.2449           43.806               0.
      OSSO-4          34         -3.61857         -24.8145               0.         -3.61748          -24.814               0.


  Part Instance     Node ID  Attached elements     U, Magnitude
----------------------------------------------------------------
      OSSO-4           3               48       2.5798E-03
      OSSO-4           3              104       2.5798E-03
      OSSO-4           3              375       2.5798E-03
      OSSO-4           4              113      4.21003E-03
      OSSO-4           4              115      4.21003E-03
      OSSO-4           4              144      4.21003E-03
      OSSO-4          12               63      5.54762E-03
      OSSO-4          12              118      5.54762E-03
      OSSO-4          12              175      5.54762E-03
      OSSO-4          34               75      1.20241E-03
      OSSO-4          34              178      1.20241E-03
      OSSO-4          34              309      1.20241E-03


