********************************************************************************
Probe Values Report, written on Fri Oct 25 18:23:34 2024

Source
-------

   ODB: C:/temp/BLAH-Alumina.odb
   Step: Step-1
   Frame: Increment      1: Step Time =    1.000
   Variable: U, Magnitude

Probe values reported at nodes

  Part Instance     Node ID                     Orig. Coords                                       Def. Coords                   
                                    X                Y                Z                X                Y                Z       
-------------------------------------------------------------------------------------------------------------------------------
  IMP-OSSO-1        2958           9.4576         -28.4698               0.          9.45859         -28.4699               0.
  IMP-OSSO-1        3214          9.27185         -10.2634               0.          9.27634          -10.264               0.
  IMPLANTE-2-COPY4-1         339          10.9585          12.2491               0.          10.9671          12.2475               0.
  IMPLANTE-2-COPY4-1        2129         -6.37266           32.151               0.         -6.36174          32.1514               0.


  Part Instance     Node ID  Attached elements     U, Magnitude
----------------------------------------------------------------
  IMP-OSSO-1        2958              764      1.00158E-03
  IMP-OSSO-1        2958              823      1.00158E-03
  IMP-OSSO-1        3214              929      4.54123E-03
  IMP-OSSO-1        3214              964      4.54123E-03
  IMPLANTE-2-COPY4-1         339              219      8.70107E-03
  IMPLANTE-2-COPY4-1         339              222      8.70107E-03
  IMPLANTE-2-COPY4-1         339              223      8.70107E-03
  IMPLANTE-2-COPY4-1         339              247      8.70107E-03
  IMPLANTE-2-COPY4-1        2129              625      10.9208E-03
  IMPLANTE-2-COPY4-1        2129              692      10.9208E-03


