********************************************************************************
Probe Values Report, written on Fri Oct 25 17:22:30 2024

Source
-------

   ODB: C:/temp/BLAH-reduced-imp.odb
   Step: Step-1
   Frame: Increment      1: Step Time =    1.000
   Variable: U, Magnitude

Probe values reported at nodes

  Part Instance     Node ID                     Orig. Coords                                       Def. Coords                   
                                    X                Y                Z                X                Y                Z       
-------------------------------------------------------------------------------------------------------------------------------
  BLAH-OSSO-CUT-IMP-DIM-1        3519          9.94386         -26.7953               0.          9.94518         -26.7955               0.
  BLAH-OSSO-CUT-IMP-DIM-1        3849           10.095          -10.036               0.          10.1002         -10.0368               0.
  CABEÇA-IMPLANTE-1        1404         -3.16909          30.4449               0.         -3.15544          30.4457               0.
  HASTE-IMPLANTE-COPY-1         609          10.5498          15.1176               0.          10.5608           15.116               0.


  Part Instance     Node ID  Attached elements     U, Magnitude
----------------------------------------------------------------
  BLAH-OSSO-CUT-IMP-DIM-1        3519              988      1.33243E-03
  BLAH-OSSO-CUT-IMP-DIM-1        3519              989      1.33243E-03
  BLAH-OSSO-CUT-IMP-DIM-1        3849             1203      5.27983E-03
  BLAH-OSSO-CUT-IMP-DIM-1        3849             1206      5.27983E-03
  CABEÇA-IMPLANTE-1        1404              419      13.6712E-03
  CABEÇA-IMPLANTE-1        1404              435      13.6712E-03
  HASTE-IMPLANTE-COPY-1         609              156      11.0356E-03
  HASTE-IMPLANTE-COPY-1         609              178      11.0356E-03


