Analysis initiated from SIMULIA established products
Abaqus JOB boneimp-steel
Abaqus 2022
Abaqus License Manager checked out the following licenses:
Abaqus/Standard checked out 5 tokens from Flexnet server ls.dem.tecnico.ulisboa.pt.
<60 out of 75 licenses remain available>.
Begin Analysis Input File Processor
25/10/2024 14:53:58
Run pre.exe
25/10/2024 14:54:06
End Analysis Input File Processor
Begin Abaqus/Standard Analysis
25/10/2024 14:54:06
Run standard.exe
25/10/2024 14:54:13
End Abaqus/Standard Analysis
Begin SIM Wrap-up
25/10/2024 14:54:14
Run SMASimUtility.exe
25/10/2024 14:54:14
End SIM Wrap-up
Abaqus JOB boneimp-steel COMPLETED
