********************************************************************************
Probe Values Report, written on Fri Oct 25 13:04:02 2024

Source
-------

   ODB: C:/temp/osso-imp-cocr.odb
   Step: Step-1
   Frame: Increment      1: Step Time =    1.000
   Variable: S, Mises (Avg: 75)

Probe values reported at nodes

  Part Instance     Node ID                     Orig. Coords                                       Def. Coords                   
                                    X                Y                Z                X                Y                Z       
-------------------------------------------------------------------------------------------------------------------------------
  IMPLANTE-2-COPY4-1        1300          10.1536          14.2653               0.          10.1792          14.2609               0.
  IMPLANTE-2-COPY4-1        2210         -3.43434          31.8012               0.         -3.40391          31.8004               0.
  OSSO-DIVIDED-CUT-1        1875           9.8876         -26.9024               0.          9.89404         -26.9037               0.


  Part Instance     Node ID  Attached elements         S, Mises
----------------------------------------------------------------
  IMPLANTE-2-COPY4-1        1300              221      797.781E-03
  IMPLANTE-2-COPY4-1        1300              242      797.781E-03
  IMPLANTE-2-COPY4-1        2210              665          1.18001
  IMPLANTE-2-COPY4-1        2210              678          1.18001
  OSSO-DIVIDED-CUT-1        1875              183       389.69E-03
  OSSO-DIVIDED-CUT-1        1875              754       389.69E-03


