Analysis initiated from SIMULIA established products
Abaqus JOB job-implant-base
Abaqus 2022
Abaqus License Manager checked out the following licenses:
Abaqus/Standard checked out 5 tokens from Flexnet server ls.dem.tecnico.ulisboa.pt.
<53 out of 75 licenses remain available>.
Begin Analysis Input File Processor
25/10/2024 11:35:25
Run pre.exe
25/10/2024 11:35:32
End Analysis Input File Processor
Begin Abaqus/Standard Analysis
25/10/2024 11:35:32
Run standard.exe
25/10/2024 11:35:40
End Abaqus/Standard Analysis
Begin SIM Wrap-up
25/10/2024 11:35:41
Run SMASimUtility.exe
25/10/2024 11:35:41
End SIM Wrap-up
Abaqus JOB job-implant-base COMPLETED
