Analysis initiated from SIMULIA established products
Abaqus JOB osso-implante-steel
Abaqus 2022
Abaqus License Manager checked out the following licenses:
Abaqus/Standard checked out 5 tokens from Flexnet server ls.dem.tecnico.ulisboa.pt.
<47 out of 75 licenses remain available>.
Begin Analysis Input File Processor
25/10/2024 12:47:03
Run pre.exe
25/10/2024 12:47:11
End Analysis Input File Processor
Begin Abaqus/Standard Analysis
25/10/2024 12:47:11
Run standard.exe
25/10/2024 12:47:19
End Abaqus/Standard Analysis
Begin SIM Wrap-up
25/10/2024 12:47:20
Run SMASimUtility.exe
25/10/2024 12:47:20
End SIM Wrap-up
Abaqus JOB osso-implante-steel COMPLETED
