1
0
1
ASSEMBLY
1
OSSO-4
OSSO
1
OSSO-4
1595
4 1
5 2
6 3
7 4
8 5
9 6
10 7
11 8
12 9
13 10
14 11
15 12
16 13
17 14
18 15
19 16
20 17
21 18
22 19
23 20
24 21
25 22
26 23
27 24
28 25
29 26
30 27
31 28
32 29
33 30
34 31
35 32
36 33
37 34
38 35
39 36
40 37
41 38
42 39
43 40
44 41
45 42
46 43
47 44
48 45
49 46
50 47
51 48
52 49
53 50
54 51
55 52
56 53
57 54
58 55
59 56
60 57
61 58
62 59
63 60
64 61
65 62
66 63
67 64
68 65
69 66
70 67
71 68
72 69
73 70
74 71
75 72
76 73
77 74
78 75
79 76
80 77
81 78
82 79
83 80
84 81
85 82
86 83
87 84
88 85
89 86
90 87
91 88
92 89
93 90
94 91
95 92
96 93
97 94
98 95
99 96
100 97
101 98
102 99
103 100
104 101
105 102
106 103
107 104
108 105
109 106
110 107
111 108
112 109
113 110
114 111
115 112
116 113
117 114
118 115
119 116
120 117
121 118
122 119
123 120
124 121
125 122
126 123
127 124
128 125
129 126
130 127
131 128
132 129
133 130
134 131
135 132
136 133
137 134
138 135
139 136
140 137
141 138
142 139
143 140
144 141
145 142
146 143
147 144
148 145
149 146
150 147
151 148
152 149
153 150
154 151
155 152
156 153
157 154
158 155
159 156
160 157
161 158
162 159
163 160
164 161
165 162
166 163
167 164
168 165
169 166
170 167
171 168
172 169
173 170
174 171
175 172
176 173
177 174
178 175
179 176
180 177
181 178
182 179
183 180
184 181
185 182
186 183
187 184
188 185
189 186
190 187
191 188
192 189
193 190
194 191
195 192
196 193
197 194
198 195
199 196
200 197
201 198
202 199
203 200
204 201
205 202
206 203
207 204
208 205
209 206
210 207
211 208
212 209
213 210
214 211
215 212
216 213
217 214
218 215
219 216
220 217
221 218
222 219
223 220
224 221
225 222
226 223
227 224
228 225
229 226
230 227
231 228
232 229
233 230
234 231
235 232
236 233
237 234
238 235
239 236
240 237
241 238
242 239
243 240
244 241
245 242
246 243
247 244
248 245
249 246
250 247
251 248
252 249
253 250
254 251
255 252
256 253
257 254
258 255
259 256
260 257
261 258
262 259
263 260
264 261
265 262
266 263
267 264
268 265
269 266
270 267
271 268
272 269
273 270
274 271
275 272
276 273
277 274
278 275
279 276
280 277
281 278
282 279
283 280
284 281
285 282
286 283
287 284
288 285
289 286
290 287
291 288
292 289
293 290
294 291
295 292
296 293
297 294
298 295
299 296
300 297
301 298
302 299
303 300
304 301
305 302
306 303
307 304
308 305
309 306
310 307
311 308
312 309
313 310
314 311
315 312
316 313
317 314
318 315
319 316
320 317
321 318
322 319
323 320
324 321
325 322
326 323
327 324
328 325
329 326
330 327
331 328
332 329
333 330
334 331
335 332
336 333
337 334
338 335
339 336
340 337
341 338
342 339
343 340
344 341
345 342
346 343
347 344
348 345
349 346
350 347
351 348
352 349
353 350
354 351
355 352
356 353
357 354
358 355
359 356
360 357
361 358
362 359
363 360
364 361
365 362
366 363
367 364
368 365
369 366
370 367
371 368
372 369
373 370
374 371
375 372
376 373
377 374
378 375
379 376
380 377
381 378
382 379
383 380
384 381
385 382
386 383
387 384
388 385
389 386
390 387
391 388
392 389
393 390
394 391
395 392
396 393
397 394
398 395
399 396
400 397
401 398
402 399
403 400
404 401
405 402
406 403
407 404
408 405
409 406
410 407
411 408
412 409
413 410
414 411
415 412
416 413
417 414
418 415
419 416
420 417
421 418
422 419
423 420
424 421
425 422
426 423
427 424
428 425
429 426
430 427
431 428
432 429
433 430
434 431
435 432
436 433
437 434
438 435
439 436
440 437
441 438
442 439
443 440
444 441
445 442
446 443
447 444
448 445
449 446
450 447
451 448
452 449
453 450
454 451
455 452
456 453
457 454
458 455
459 456
460 457
461 458
462 459
463 460
464 461
465 462
466 463
467 464
468 465
469 466
470 467
471 468
472 469
473 470
474 471
475 472
476 473
477 474
478 475
479 476
480 477
481 478
482 479
483 480
484 481
485 482
486 483
487 484
488 485
489 486
490 487
491 488
492 489
493 490
494 491
495 492
496 493
497 494
498 495
499 496
500 497
501 498
502 499
503 500
504 501
505 502
506 503
507 504
508 505
509 506
510 507
511 508
512 509
513 510
514 511
515 512
516 513
517 514
518 515
519 516
520 517
521 518
522 519
523 520
524 521
525 522
526 523
527 524
528 525
529 526
530 527
531 528
532 529
533 530
534 531
535 532
536 533
537 534
538 535
539 536
540 537
541 538
542 539
543 540
544 541
545 542
546 543
547 544
548 545
549 546
550 547
551 548
552 549
553 550
554 551
555 552
556 553
557 554
558 555
559 556
560 557
561 558
562 559
563 560
564 561
565 562
566 563
567 564
568 565
569 566
570 567
571 568
572 569
573 570
574 571
575 572
576 573
577 574
578 575
579 576
580 577
581 578
582 579
583 580
584 581
585 582
586 583
587 584
588 585
589 586
590 587
591 588
592 589
593 590
594 591
595 592
596 593
597 594
598 595
599 596
600 597
601 598
602 599
603 600
604 601
605 602
606 603
607 604
608 605
609 606
610 607
611 608
612 609
613 610
614 611
615 612
616 613
617 614
618 615
619 616
620 617
621 618
622 619
623 620
624 621
625 622
626 623
627 624
628 625
629 626
630 627
631 628
632 629
633 630
634 631
635 632
636 633
637 634
638 635
639 636
640 637
641 638
642 639
643 640
644 641
645 642
646 643
647 644
648 645
649 646
650 647
651 648
652 649
653 650
654 651
655 652
656 653
657 654
658 655
659 656
660 657
661 658
662 659
663 660
664 661
665 662
666 663
667 664
668 665
669 666
670 667
671 668
672 669
673 670
674 671
675 672
676 673
677 674
678 675
679 676
680 677
681 678
682 679
683 680
684 681
685 682
686 683
687 684
688 685
689 686
690 687
691 688
692 689
693 690
694 691
695 692
696 693
697 694
698 695
699 696
700 697
701 698
702 699
703 700
704 701
705 702
706 703
707 704
708 705
709 706
710 707
711 708
712 709
713 710
714 711
715 712
716 713
717 714
718 715
719 716
720 717
721 718
722 719
723 720
724 721
725 722
726 723
727 724
728 725
729 726
730 727
731 728
732 729
733 730
734 731
735 732
736 733
737 734
738 735
739 736
740 737
741 738
742 739
743 740
744 741
745 742
746 743
747 744
748 745
749 746
750 747
751 748
752 749
753 750
754 751
755 752
756 753
757 754
758 755
759 756
760 757
761 758
762 759
763 760
764 761
765 762
766 763
767 764
768 765
769 766
770 767
771 768
772 769
773 770
774 771
775 772
776 773
777 774
778 775
779 776
780 777
781 778
782 779
783 780
784 781
785 782
786 783
787 784
788 785
789 786
790 787
791 788
792 789
793 790
794 791
795 792
796 793
797 794
798 795
799 796
800 797
801 798
802 799
803 800
804 801
805 802
806 803
807 804
808 805
809 806
810 807
811 808
812 809
813 810
814 811
815 812
816 813
817 814
818 815
819 816
820 817
821 818
822 819
823 820
824 821
825 822
826 823
827 824
828 825
829 826
830 827
831 828
832 829
833 830
834 831
835 832
836 833
837 834
838 835
839 836
840 837
841 838
842 839
843 840
844 841
845 842
846 843
847 844
848 845
849 846
850 847
851 848
852 849
853 850
854 851
855 852
856 853
857 854
858 855
859 856
860 857
861 858
862 859
863 860
864 861
865 862
866 863
867 864
868 865
869 866
870 867
871 868
872 869
873 870
874 871
875 872
876 873
877 874
878 875
879 876
880 877
881 878
882 879
883 880
884 881
885 882
886 883
887 884
888 885
889 886
890 887
891 888
892 889
893 890
894 891
895 892
896 893
897 894
898 895
899 896
900 897
901 898
902 899
903 900
904 901
905 902
906 903
907 904
908 905
909 906
910 907
911 908
912 909
913 910
914 911
915 912
916 913
917 914
918 915
919 916
920 917
921 918
922 919
923 920
924 921
925 922
926 923
927 924
928 925
929 926
930 927
931 928
932 929
933 930
934 931
935 932
936 933
937 934
938 935
939 936
940 937
941 938
942 939
943 940
944 941
945 942
946 943
947 944
948 945
949 946
950 947
951 948
952 949
953 950
954 951
955 952
956 953
957 954
958 955
959 956
960 957
961 958
962 959
963 960
964 961
965 962
966 963
967 964
968 965
969 966
970 967
971 968
972 969
973 970
974 971
975 972
976 973
977 974
978 975
979 976
980 977
981 978
982 979
983 980
984 981
985 982
986 983
987 984
988 985
989 986
990 987
991 988
992 989
993 990
994 991
995 992
996 993
997 994
998 995
999 996
1000 997
1001 998
1002 999
1003 1000
1004 1001
1005 1002
1006 1003
1007 1004
1008 1005
1009 1006
1010 1007
1011 1008
1012 1009
1013 1010
1014 1011
1015 1012
1016 1013
1017 1014
1018 1015
1019 1016
1020 1017
1021 1018
1022 1019
1023 1020
1024 1021
1025 1022
1026 1023
1027 1024
1028 1025
1029 1026
1030 1027
1031 1028
1032 1029
1033 1030
1034 1031
1035 1032
1036 1033
1037 1034
1038 1035
1039 1036
1040 1037
1041 1038
1042 1039
1043 1040
1044 1041
1045 1042
1046 1043
1047 1044
1048 1045
1049 1046
1050 1047
1051 1048
1052 1049
1053 1050
1054 1051
1055 1052
1056 1053
1057 1054
1058 1055
1059 1056
1060 1057
1061 1058
1062 1059
1063 1060
1064 1061
1065 1062
1066 1063
1067 1064
1068 1065
1069 1066
1070 1067
1071 1068
1072 1069
1073 1070
1074 1071
1075 1072
1076 1073
1077 1074
1078 1075
1079 1076
1080 1077
1081 1078
1082 1079
1083 1080
1084 1081
1085 1082
1086 1083
1087 1084
1088 1085
1089 1086
1090 1087
1091 1088
1092 1089
1093 1090
1094 1091
1095 1092
1096 1093
1097 1094
1098 1095
1099 1096
1100 1097
1101 1098
1102 1099
1103 1100
1104 1101
1105 1102
1106 1103
1107 1104
1108 1105
1109 1106
1110 1107
1111 1108
1112 1109
1113 1110
1114 1111
1115 1112
1116 1113
1117 1114
1118 1115
1119 1116
1120 1117
1121 1118
1122 1119
1123 1120
1124 1121
1125 1122
1126 1123
1127 1124
1128 1125
1129 1126
1130 1127
1131 1128
1132 1129
1133 1130
1134 1131
1135 1132
1136 1133
1137 1134
1138 1135
1139 1136
1140 1137
1141 1138
1142 1139
1143 1140
1144 1141
1145 1142
1146 1143
1147 1144
1148 1145
1149 1146
1150 1147
1151 1148
1152 1149
1153 1150
1154 1151
1155 1152
1156 1153
1157 1154
1158 1155
1159 1156
1160 1157
1161 1158
1162 1159
1163 1160
1164 1161
1165 1162
1166 1163
1167 1164
1168 1165
1169 1166
1170 1167
1171 1168
1172 1169
1173 1170
1174 1171
1175 1172
1176 1173
1177 1174
1178 1175
1179 1176
1180 1177
1181 1178
1182 1179
1183 1180
1184 1181
1185 1182
1186 1183
1187 1184
1188 1185
1189 1186
1190 1187
1191 1188
1192 1189
1193 1190
1194 1191
1195 1192
1196 1193
1197 1194
1198 1195
1199 1196
1200 1197
1201 1198
1202 1199
1203 1200
1204 1201
1205 1202
1206 1203
1207 1204
1208 1205
1209 1206
1210 1207
1211 1208
1212 1209
1213 1210
1214 1211
1215 1212
1216 1213
1217 1214
1218 1215
1219 1216
1220 1217
1221 1218
1222 1219
1223 1220
1224 1221
1225 1222
1226 1223
1227 1224
1228 1225
1229 1226
1230 1227
1231 1228
1232 1229
1233 1230
1234 1231
1235 1232
1236 1233
1237 1234
1238 1235
1239 1236
1240 1237
1241 1238
1242 1239
1243 1240
1244 1241
1245 1242
1246 1243
1247 1244
1248 1245
1249 1246
1250 1247
1251 1248
1252 1249
1253 1250
1254 1251
1255 1252
1256 1253
1257 1254
1258 1255
1259 1256
1260 1257
1261 1258
1262 1259
1263 1260
1264 1261
1265 1262
1266 1263
1267 1264
1268 1265
1269 1266
1270 1267
1271 1268
1272 1269
1273 1270
1274 1271
1275 1272
1276 1273
1277 1274
1278 1275
1279 1276
1280 1277
1281 1278
1282 1279
1283 1280
1284 1281
1285 1282
1286 1283
1287 1284
1288 1285
1289 1286
1290 1287
1291 1288
1292 1289
1293 1290
1294 1291
1295 1292
1296 1293
1297 1294
1298 1295
1299 1296
1300 1297
1301 1298
1302 1299
1303 1300
1304 1301
1305 1302
1306 1303
1307 1304
1308 1305
1309 1306
1310 1307
1311 1308
1312 1309
1313 1310
1314 1311
1315 1312
1316 1313
1317 1314
1318 1315
1319 1316
1320 1317
1321 1318
1322 1319
1323 1320
1324 1321
1325 1322
1326 1323
1327 1324
1328 1325
1329 1326
1330 1327
1331 1328
1332 1329
1333 1330
1334 1331
1335 1332
1336 1333
1337 1334
1338 1335
1339 1336
1340 1337
1341 1338
1342 1339
1343 1340
1344 1341
1345 1342
1346 1343
1347 1344
1348 1345
1349 1346
1350 1347
1351 1348
1352 1349
1353 1350
1354 1351
1355 1352
1356 1353
1357 1354
1358 1355
1359 1356
1360 1357
1361 1358
1362 1359
1363 1360
1364 1361
1365 1362
1366 1363
1367 1364
1368 1365
1369 1366
1370 1367
1371 1368
1372 1369
1373 1370
1374 1371
1375 1372
1376 1373
1377 1374
1378 1375
1379 1376
1380 1377
1381 1378
1382 1379
1383 1380
1384 1381
1385 1382
1386 1383
1387 1384
1388 1385
1389 1386
1390 1387
1391 1388
1392 1389
1393 1390
1394 1391
1395 1392
1396 1393
1397 1394
1398 1395
1399 1396
1400 1397
1401 1398
1402 1399
1403 1400
1404 1401
1405 1402
1406 1403
1407 1404
1408 1405
1409 1406
1410 1407
1411 1408
1412 1409
1413 1410
1414 1411
1415 1412
1416 1413
1417 1414
1418 1415
1419 1416
1420 1417
1421 1418
1422 1419
1423 1420
1424 1421
1425 1422
1426 1423
1427 1424
1428 1425
1429 1426
1430 1427
1431 1428
1432 1429
1433 1430
1434 1431
1435 1432
1436 1433
1437 1434
1438 1435
1439 1436
1440 1437
1441 1438
1442 1439
1443 1440
1444 1441
1445 1442
1446 1443
1447 1444
1448 1445
1449 1446
1450 1447
1451 1448
1452 1449
1453 1450
1454 1451
1455 1452
1456 1453
1457 1454
1458 1455
1459 1456
1460 1457
1461 1458
1462 1459
1463 1460
1464 1461
1465 1462
1466 1463
1467 1464
1468 1465
1469 1466
1470 1467
1471 1468
1472 1469
1473 1470
1474 1471
1475 1472
1476 1473
1477 1474
1478 1475
1479 1476
1480 1477
1481 1478
1482 1479
1483 1480
1484 1481
1485 1482
1486 1483
1487 1484
1488 1485
1489 1486
1490 1487
1491 1488
1492 1489
1493 1490
1494 1491
1495 1492
1496 1493
1497 1494
1498 1495
1499 1496
1500 1497
1501 1498
1502 1499
1503 1500
1504 1501
1505 1502
1506 1503
1507 1504
1508 1505
1509 1506
1510 1507
1511 1508
1512 1509
1513 1510
1514 1511
1515 1512
1516 1513
1517 1514
1518 1515
1519 1516
1520 1517
1521 1518
1522 1519
1523 1520
1524 1521
1525 1522
1526 1523
1527 1524
1528 1525
1529 1526
1530 1527
1531 1528
1532 1529
1533 1530
1534 1531
1535 1532
1536 1533
1537 1534
1538 1535
1539 1536
1540 1537
1541 1538
1542 1539
1543 1540
1544 1541
1545 1542
1546 1543
1547 1544
1548 1545
1549 1546
1550 1547
1551 1548
1552 1549
1553 1550
1554 1551
1555 1552
1556 1553
1557 1554
1558 1555
1559 1556
1560 1557
1561 1558
1562 1559
1563 1560
1564 1561
1565 1562
1566 1563
1567 1564
1568 1565
1569 1566
1570 1567
1571 1568
1572 1569
1573 1570
1574 1571
1575 1572
1576 1573
1577 1574
1578 1575
1579 1576
1580 1577
1581 1578
1582 1579
1583 1580
1584 1581
1585 1582
1586 1583
1587 1584
1588 1585
1589 1586
1590 1587
1591 1588
1592 1589
1593 1590
1594 1591
1595 1592
1596 1593
1597 1594
1598 1595
1 4
2 5
3 6
4 7
5 8
6 9
7 10
8 11
9 12
10 13
11 14
12 15
13 16
14 17
15 18
16 19
17 20
18 21
19 22
20 23
21 24
22 25
23 26
24 27
25 28
26 29
27 30
28 31
29 32
30 33
31 34
32 35
33 36
34 37
35 38
36 39
37 40
38 41
39 42
40 43
41 44
42 45
43 46
44 47
45 48
46 49
47 50
48 51
49 52
50 53
51 54
52 55
53 56
54 57
55 58
56 59
57 60
58 61
59 62
60 63
61 64
62 65
63 66
64 67
65 68
66 69
67 70
68 71
69 72
70 73
71 74
72 75
73 76
74 77
75 78
76 79
77 80
78 81
79 82
80 83
81 84
82 85
83 86
84 87
85 88
86 89
87 90
88 91
89 92
90 93
91 94
92 95
93 96
94 97
95 98
96 99
97 100
98 101
99 102
100 103
101 104
102 105
103 106
104 107
105 108
106 109
107 110
108 111
109 112
110 113
111 114
112 115
113 116
114 117
115 118
116 119
117 120
118 121
119 122
120 123
121 124
122 125
123 126
124 127
125 128
126 129
127 130
128 131
129 132
130 133
131 134
132 135
133 136
134 137
135 138
136 139
137 140
138 141
139 142
140 143
141 144
142 145
143 146
144 147
145 148
146 149
147 150
148 151
149 152
150 153
151 154
152 155
153 156
154 157
155 158
156 159
157 160
158 161
159 162
160 163
161 164
162 165
163 166
164 167
165 168
166 169
167 170
168 171
169 172
170 173
171 174
172 175
173 176
174 177
175 178
176 179
177 180
178 181
179 182
180 183
181 184
182 185
183 186
184 187
185 188
186 189
187 190
188 191
189 192
190 193
191 194
192 195
193 196
194 197
195 198
196 199
197 200
198 201
199 202
200 203
201 204
202 205
203 206
204 207
205 208
206 209
207 210
208 211
209 212
210 213
211 214
212 215
213 216
214 217
215 218
216 219
217 220
218 221
219 222
220 223
221 224
222 225
223 226
224 227
225 228
226 229
227 230
228 231
229 232
230 233
231 234
232 235
233 236
234 237
235 238
236 239
237 240
238 241
239 242
240 243
241 244
242 245
243 246
244 247
245 248
246 249
247 250
248 251
249 252
250 253
251 254
252 255
253 256
254 257
255 258
256 259
257 260
258 261
259 262
260 263
261 264
262 265
263 266
264 267
265 268
266 269
267 270
268 271
269 272
270 273
271 274
272 275
273 276
274 277
275 278
276 279
277 280
278 281
279 282
280 283
281 284
282 285
283 286
284 287
285 288
286 289
287 290
288 291
289 292
290 293
291 294
292 295
293 296
294 297
295 298
296 299
297 300
298 301
299 302
300 303
301 304
302 305
303 306
304 307
305 308
306 309
307 310
308 311
309 312
310 313
311 314
312 315
313 316
314 317
315 318
316 319
317 320
318 321
319 322
320 323
321 324
322 325
323 326
324 327
325 328
326 329
327 330
328 331
329 332
330 333
331 334
332 335
333 336
334 337
335 338
336 339
337 340
338 341
339 342
340 343
341 344
342 345
343 346
344 347
345 348
346 349
347 350
348 351
349 352
350 353
351 354
352 355
353 356
354 357
355 358
356 359
357 360
358 361
359 362
360 363
361 364
362 365
363 366
364 367
365 368
366 369
367 370
368 371
369 372
370 373
371 374
372 375
373 376
374 377
375 378
376 379
377 380
378 381
379 382
380 383
381 384
382 385
383 386
384 387
385 388
386 389
387 390
388 391
389 392
390 393
391 394
392 395
393 396
394 397
395 398
396 399
397 400
398 401
399 402
400 403
401 404
402 405
403 406
404 407
405 408
406 409
407 410
408 411
409 412
410 413
411 414
412 415
413 416
414 417
415 418
416 419
417 420
418 421
419 422
420 423
421 424
422 425
423 426
424 427
425 428
426 429
427 430
428 431
429 432
430 433
431 434
432 435
433 436
434 437
435 438
436 439
437 440
438 441
439 442
440 443
441 444
442 445
443 446
444 447
445 448
446 449
447 450
448 451
449 452
450 453
451 454
452 455
453 456
454 457
455 458
456 459
457 460
458 461
459 462
460 463
461 464
462 465
463 466
464 467
465 468
466 469
467 470
468 471
469 472
470 473
471 474
472 475
473 476
474 477
475 478
476 479
477 480
478 481
479 482
480 483
481 484
482 485
483 486
484 487
485 488
486 489
487 490
488 491
489 492
490 493
491 494
492 495
493 496
494 497
495 498
496 499
497 500
498 501
499 502
500 503
501 504
502 505
503 506
504 507
505 508
506 509
507 510
508 511
509 512
510 513
511 514
512 515
513 516
514 517
515 518
516 519
517 520
518 521
519 522
520 523
521 524
522 525
523 526
524 527
525 528
526 529
527 530
528 531
529 532
530 533
531 534
532 535
533 536
534 537
535 538
536 539
537 540
538 541
539 542
540 543
541 544
542 545
543 546
544 547
545 548
546 549
547 550
548 551
549 552
550 553
551 554
552 555
553 556
554 557
555 558
556 559
557 560
558 561
559 562
560 563
561 564
562 565
563 566
564 567
565 568
566 569
567 570
568 571
569 572
570 573
571 574
572 575
573 576
574 577
575 578
576 579
577 580
578 581
579 582
580 583
581 584
582 585
583 586
584 587
585 588
586 589
587 590
588 591
589 592
590 593
591 594
592 595
593 596
594 597
595 598
596 599
597 600
598 601
599 602
600 603
601 604
602 605
603 606
604 607
605 608
606 609
607 610
608 611
609 612
610 613
611 614
612 615
613 616
614 617
615 618
616 619
617 620
618 621
619 622
620 623
621 624
622 625
623 626
624 627
625 628
626 629
627 630
628 631
629 632
630 633
631 634
632 635
633 636
634 637
635 638
636 639
637 640
638 641
639 642
640 643
641 644
642 645
643 646
644 647
645 648
646 649
647 650
648 651
649 652
650 653
651 654
652 655
653 656
654 657
655 658
656 659
657 660
658 661
659 662
660 663
661 664
662 665
663 666
664 667
665 668
666 669
667 670
668 671
669 672
670 673
671 674
672 675
673 676
674 677
675 678
676 679
677 680
678 681
679 682
680 683
681 684
682 685
683 686
684 687
685 688
686 689
687 690
688 691
689 692
690 693
691 694
692 695
693 696
694 697
695 698
696 699
697 700
698 701
699 702
700 703
701 704
702 705
703 706
704 707
705 708
706 709
707 710
708 711
709 712
710 713
711 714
712 715
713 716
714 717
715 718
716 719
717 720
718 721
719 722
720 723
721 724
722 725
723 726
724 727
725 728
726 729
727 730
728 731
729 732
730 733
731 734
732 735
733 736
734 737
735 738
736 739
737 740
738 741
739 742
740 743
741 744
742 745
743 746
744 747
745 748
746 749
747 750
748 751
749 752
750 753
751 754
752 755
753 756
754 757
755 758
756 759
757 760
758 761
759 762
760 763
761 764
762 765
763 766
764 767
765 768
766 769
767 770
768 771
769 772
770 773
771 774
772 775
773 776
774 777
775 778
776 779
777 780
778 781
779 782
780 783
781 784
782 785
783 786
784 787
785 788
786 789
787 790
788 791
789 792
790 793
791 794
792 795
793 796
794 797
795 798
796 799
797 800
798 801
799 802
800 803
801 804
802 805
803 806
804 807
805 808
806 809
807 810
808 811
809 812
810 813
811 814
812 815
813 816
814 817
815 818
816 819
817 820
818 821
819 822
820 823
821 824
822 825
823 826
824 827
825 828
826 829
827 830
828 831
829 832
830 833
831 834
832 835
833 836
834 837
835 838
836 839
837 840
838 841
839 842
840 843
841 844
842 845
843 846
844 847
845 848
846 849
847 850
848 851
849 852
850 853
851 854
852 855
853 856
854 857
855 858
856 859
857 860
858 861
859 862
860 863
861 864
862 865
863 866
864 867
865 868
866 869
867 870
868 871
869 872
870 873
871 874
872 875
873 876
874 877
875 878
876 879
877 880
878 881
879 882
880 883
881 884
882 885
883 886
884 887
885 888
886 889
887 890
888 891
889 892
890 893
891 894
892 895
893 896
894 897
895 898
896 899
897 900
898 901
899 902
900 903
901 904
902 905
903 906
904 907
905 908
906 909
907 910
908 911
909 912
910 913
911 914
912 915
913 916
914 917
915 918
916 919
917 920
918 921
919 922
920 923
921 924
922 925
923 926
924 927
925 928
926 929
927 930
928 931
929 932
930 933
931 934
932 935
933 936
934 937
935 938
936 939
937 940
938 941
939 942
940 943
941 944
942 945
943 946
944 947
945 948
946 949
947 950
948 951
949 952
950 953
951 954
952 955
953 956
954 957
955 958
956 959
957 960
958 961
959 962
960 963
961 964
962 965
963 966
964 967
965 968
966 969
967 970
968 971
969 972
970 973
971 974
972 975
973 976
974 977
975 978
976 979
977 980
978 981
979 982
980 983
981 984
982 985
983 986
984 987
985 988
986 989
987 990
988 991
989 992
990 993
991 994
992 995
993 996
994 997
995 998
996 999
997 1000
998 1001
999 1002
1000 1003
1001 1004
1002 1005
1003 1006
1004 1007
1005 1008
1006 1009
1007 1010
1008 1011
1009 1012
1010 1013
1011 1014
1012 1015
1013 1016
1014 1017
1015 1018
1016 1019
1017 1020
1018 1021
1019 1022
1020 1023
1021 1024
1022 1025
1023 1026
1024 1027
1025 1028
1026 1029
1027 1030
1028 1031
1029 1032
1030 1033
1031 1034
1032 1035
1033 1036
1034 1037
1035 1038
1036 1039
1037 1040
1038 1041
1039 1042
1040 1043
1041 1044
1042 1045
1043 1046
1044 1047
1045 1048
1046 1049
1047 1050
1048 1051
1049 1052
1050 1053
1051 1054
1052 1055
1053 1056
1054 1057
1055 1058
1056 1059
1057 1060
1058 1061
1059 1062
1060 1063
1061 1064
1062 1065
1063 1066
1064 1067
1065 1068
1066 1069
1067 1070
1068 1071
1069 1072
1070 1073
1071 1074
1072 1075
1073 1076
1074 1077
1075 1078
1076 1079
1077 1080
1078 1081
1079 1082
1080 1083
1081 1084
1082 1085
1083 1086
1084 1087
1085 1088
1086 1089
1087 1090
1088 1091
1089 1092
1090 1093
1091 1094
1092 1095
1093 1096
1094 1097
1095 1098
1096 1099
1097 1100
1098 1101
1099 1102
1100 1103
1101 1104
1102 1105
1103 1106
1104 1107
1105 1108
1106 1109
1107 1110
1108 1111
1109 1112
1110 1113
1111 1114
1112 1115
1113 1116
1114 1117
1115 1118
1116 1119
1117 1120
1118 1121
1119 1122
1120 1123
1121 1124
1122 1125
1123 1126
1124 1127
1125 1128
1126 1129
1127 1130
1128 1131
1129 1132
1130 1133
1131 1134
1132 1135
1133 1136
1134 1137
1135 1138
1136 1139
1137 1140
1138 1141
1139 1142
1140 1143
1141 1144
1142 1145
1143 1146
1144 1147
1145 1148
1146 1149
1147 1150
1148 1151
1149 1152
1150 1153
1151 1154
1152 1155
1153 1156
1154 1157
1155 1158
1156 1159
1157 1160
1158 1161
1159 1162
1160 1163
1161 1164
1162 1165
1163 1166
1164 1167
1165 1168
1166 1169
1167 1170
1168 1171
1169 1172
1170 1173
1171 1174
1172 1175
1173 1176
1174 1177
1175 1178
1176 1179
1177 1180
1178 1181
1179 1182
1180 1183
1181 1184
1182 1185
1183 1186
1184 1187
1185 1188
1186 1189
1187 1190
1188 1191
1189 1192
1190 1193
1191 1194
1192 1195
1193 1196
1194 1197
1195 1198
1196 1199
1197 1200
1198 1201
1199 1202
1200 1203
1201 1204
1202 1205
1203 1206
1204 1207
1205 1208
1206 1209
1207 1210
1208 1211
1209 1212
1210 1213
1211 1214
1212 1215
1213 1216
1214 1217
1215 1218
1216 1219
1217 1220
1218 1221
1219 1222
1220 1223
1221 1224
1222 1225
1223 1226
1224 1227
1225 1228
1226 1229
1227 1230
1228 1231
1229 1232
1230 1233
1231 1234
1232 1235
1233 1236
1234 1237
1235 1238
1236 1239
1237 1240
1238 1241
1239 1242
1240 1243
1241 1244
1242 1245
1243 1246
1244 1247
1245 1248
1246 1249
1247 1250
1248 1251
1249 1252
1250 1253
1251 1254
1252 1255
1253 1256
1254 1257
1255 1258
1256 1259
1257 1260
1258 1261
1259 1262
1260 1263
1261 1264
1262 1265
1263 1266
1264 1267
1265 1268
1266 1269
1267 1270
1268 1271
1269 1272
1270 1273
1271 1274
1272 1275
1273 1276
1274 1277
1275 1278
1276 1279
1277 1280
1278 1281
1279 1282
1280 1283
1281 1284
1282 1285
1283 1286
1284 1287
1285 1288
1286 1289
1287 1290
1288 1291
1289 1292
1290 1293
1291 1294
1292 1295
1293 1296
1294 1297
1295 1298
1296 1299
1297 1300
1298 1301
1299 1302
1300 1303
1301 1304
1302 1305
1303 1306
1304 1307
1305 1308
1306 1309
1307 1310
1308 1311
1309 1312
1310 1313
1311 1314
1312 1315
1313 1316
1314 1317
1315 1318
1316 1319
1317 1320
1318 1321
1319 1322
1320 1323
1321 1324
1322 1325
1323 1326
1324 1327
1325 1328
1326 1329
1327 1330
1328 1331
1329 1332
1330 1333
1331 1334
1332 1335
1333 1336
1334 1337
1335 1338
1336 1339
1337 1340
1338 1341
1339 1342
1340 1343
1341 1344
1342 1345
1343 1346
1344 1347
1345 1348
1346 1349
1347 1350
1348 1351
1349 1352
1350 1353
1351 1354
1352 1355
1353 1356
1354 1357
1355 1358
1356 1359
1357 1360
1358 1361
1359 1362
1360 1363
1361 1364
1362 1365
1363 1366
1364 1367
1365 1368
1366 1369
1367 1370
1368 1371
1369 1372
1370 1373
1371 1374
1372 1375
1373 1376
1374 1377
1375 1378
1376 1379
1377 1380
1378 1381
1379 1382
1380 1383
1381 1384
1382 1385
1383 1386
1384 1387
1385 1388
1386 1389
1387 1390
1388 1391
1389 1392
1390 1393
1391 1394
1392 1395
1393 1396
1394 1397
1395 1398
1396 1399
1397 1400
1398 1401
1399 1402
1400 1403
1401 1404
1402 1405
1403 1406
1404 1407
1405 1408
1406 1409
1407 1410
1408 1411
1409 1412
1410 1413
1411 1414
1412 1415
1413 1416
1414 1417
1415 1418
1416 1419
1417 1420
1418 1421
1419 1422
1420 1423
1421 1424
1422 1425
1423 1426
1424 1427
1425 1428
1426 1429
1427 1430
1428 1431
1429 1432
1430 1433
1431 1434
1432 1435
1433 1436
1434 1437
1435 1438
1436 1439
1437 1440
1438 1441
1439 1442
1440 1443
1441 1444
1442 1445
1443 1446
1444 1447
1445 1448
1446 1449
1447 1450
1448 1451
1449 1452
1450 1453
1451 1454
1452 1455
1453 1456
1454 1457
1455 1458
1456 1459
1457 1460
1458 1461
1459 1462
1460 1463
1461 1464
1462 1465
1463 1466
1464 1467
1465 1468
1466 1469
1467 1470
1468 1471
1469 1472
1470 1473
1471 1474
1472 1475
1473 1476
1474 1477
1475 1478
1476 1479
1477 1480
1478 1481
1479 1482
1480 1483
1481 1484
1482 1485
1483 1486
1484 1487
1485 1488
1486 1489
1487 1490
1488 1491
1489 1492
1490 1493
1491 1494
1492 1495
1493 1496
1494 1497
1495 1498
1496 1499
1497 1500
1498 1501
1499 1502
1500 1503
1501 1504
1502 1505
1503 1506
1504 1507
1505 1508
1506 1509
1507 1510
1508 1511
1509 1512
1510 1513
1511 1514
1512 1515
1513 1516
1514 1517
1515 1518
1516 1519
1517 1520
1518 1521
1519 1522
1520 1523
1521 1524
1522 1525
1523 1526
1524 1527
1525 1528
1526 1529
1527 1530
1528 1531
1529 1532
1530 1533
1531 1534
1532 1535
1533 1536
1534 1537
1535 1538
1536 1539
1537 1540
1538 1541
1539 1542
1540 1543
1541 1544
1542 1545
1543 1546
1544 1547
1545 1548
1546 1549
1547 1550
1548 1551
1549 1552
1550 1553
1551 1554
1552 1555
1553 1556
1554 1557
1555 1558
1556 1559
1557 1560
1558 1561
1559 1562
1560 1563
1561 1564
1562 1565
1563 1566
1564 1567
1565 1568
1566 1569
1567 1570
1568 1571
1569 1572
1570 1573
1571 1574
1572 1575
1573 1576
1574 1577
1575 1578
1576 1579
1577 1580
1578 1581
1579 1582
1580 1583
1581 1584
1582 1585
1583 1586
1584 1587
1585 1588
1586 1589
1587 1590
1588 1591
1589 1592
1590 1593
1591 1594
1592 1595
1593 1596
1594 1597
1595 1598
3
1 1
2 2
3 3
1 1
2 2
3 3
1
OSSO-4
504
1 1
2 2
3 3
4 4
5 5
6 6
7 7
8 8
9 9
10 10
11 11
12 12
13 13
14 14
15 15
16 16
17 17
18 18
19 19
20 20
21 21
22 22
23 23
24 24
25 25
26 26
27 27
28 28
29 29
30 30
31 31
32 32
33 33
34 34
35 35
36 36
37 37
38 38
39 39
40 40
41 41
42 42
43 43
44 44
45 45
46 46
47 47
48 48
49 49
50 50
51 51
52 52
53 53
54 54
55 55
56 56
57 57
58 58
59 59
60 60
61 61
62 62
63 63
64 64
65 65
66 66
67 67
68 68
69 69
70 70
71 71
72 72
73 73
74 74
75 75
76 76
77 77
78 78
79 79
80 80
81 81
82 82
83 83
84 84
85 85
86 86
87 87
88 88
89 89
90 90
91 91
92 92
93 93
94 94
95 95
96 96
97 97
98 98
99 99
100 100
101 101
102 102
103 103
104 104
105 105
106 106
107 107
108 108
109 109
110 110
111 111
112 112
113 113
114 114
115 115
116 116
117 117
118 118
119 119
120 120
121 121
122 122
123 123
124 124
125 125
126 126
127 127
128 128
129 129
130 130
131 131
132 132
133 133
134 134
135 135
136 136
137 137
138 138
139 139
140 140
141 141
142 142
143 143
144 144
145 145
146 146
147 147
148 148
149 149
150 150
151 151
152 152
153 153
154 154
155 155
156 156
157 157
158 158
159 159
160 160
161 161
162 162
163 163
164 164
165 165
166 166
167 167
168 168
169 169
170 170
171 171
172 172
173 173
174 174
175 175
176 176
177 177
178 178
179 179
180 180
181 181
182 182
183 183
184 184
185 185
186 186
187 187
188 188
189 189
190 190
191 191
192 192
193 193
194 194
195 195
196 196
197 197
198 198
199 199
200 200
201 201
202 202
203 203
204 204
205 205
206 206
207 207
208 208
209 209
210 210
211 211
212 212
213 213
214 214
215 215
216 216
217 217
218 218
219 219
220 220
221 221
222 222
223 223
224 224
225 225
226 226
227 227
228 228
229 229
230 230
231 231
232 232
233 233
234 234
235 235
236 236
237 237
238 238
239 239
240 240
241 241
242 242
243 243
244 244
245 245
246 246
247 247
248 248
249 249
250 250
251 251
252 252
253 253
254 254
255 255
256 256
257 257
258 258
259 259
260 260
261 261
262 262
263 263
264 264
265 265
266 266
267 267
268 268
269 269
270 270
271 271
272 272
273 273
274 274
275 275
276 276
277 277
278 278
279 279
280 280
281 281
282 282
283 283
284 284
285 285
286 286
287 287
288 288
289 289
290 290
291 291
292 292
293 293
294 294
295 295
296 296
297 297
298 298
299 299
300 300
301 301
302 302
303 303
304 304
305 305
306 306
307 307
308 308
309 309
310 310
311 311
312 312
313 313
314 314
315 315
316 316
317 317
318 318
319 319
320 320
321 321
322 322
323 323
324 324
325 325
326 326
327 327
328 328
329 329
330 330
331 331
332 332
333 333
334 334
335 335
336 336
337 337
338 338
339 339
340 340
341 341
342 342
343 343
344 344
345 345
346 346
347 347
348 348
349 349
350 350
351 351
352 352
353 353
354 354
355 355
356 356
357 357
358 358
359 359
360 360
361 361
362 362
363 363
364 364
365 365
366 366
367 367
368 368
369 369
370 370
371 371
372 372
373 373
374 374
375 375
376 376
377 377
378 378
379 379
380 380
381 381
382 382
383 383
384 384
385 385
386 386
387 387
388 388
389 389
390 390
391 391
392 392
393 393
394 394
395 395
396 396
397 397
398 398
399 399
400 400
401 401
402 402
403 403
404 404
405 405
406 406
407 407
408 408
409 409
410 410
411 411
412 412
413 413
414 414
415 415
416 416
417 417
418 418
419 419
420 420
421 421
422 422
423 423
424 424
425 425
426 426
427 427
428 428
429 429
430 430
431 431
432 432
433 433
434 434
435 435
436 436
437 437
438 438
439 439
440 440
441 441
442 442
443 443
444 444
445 445
446 446
447 447
448 448
449 449
450 450
451 451
452 452
453 453
454 454
455 455
456 456
457 457
458 458
459 459
460 460
461 461
462 462
463 463
464 464
465 465
466 466
467 467
468 468
469 469
470 470
471 471
472 472
473 473
474 474
475 475
476 476
477 477
478 478
479 479
480 480
481 481
482 482
483 483
484 484
485 485
486 486
487 487
488 488
489 489
490 490
491 491
492 492
493 493
494 494
495 495
496 496
497 497
498 498
499 499
500 500
501 501
502 502
503 503
504 504
1 1
2 2
3 3
4 4
5 5
6 6
7 7
8 8
9 9
10 10
11 11
12 12
13 13
14 14
15 15
16 16
17 17
18 18
19 19
20 20
21 21
22 22
23 23
24 24
25 25
26 26
27 27
28 28
29 29
30 30
31 31
32 32
33 33
34 34
35 35
36 36
37 37
38 38
39 39
40 40
41 41
42 42
43 43
44 44
45 45
46 46
47 47
48 48
49 49
50 50
51 51
52 52
53 53
54 54
55 55
56 56
57 57
58 58
59 59
60 60
61 61
62 62
63 63
64 64
65 65
66 66
67 67
68 68
69 69
70 70
71 71
72 72
73 73
74 74
75 75
76 76
77 77
78 78
79 79
80 80
81 81
82 82
83 83
84 84
85 85
86 86
87 87
88 88
89 89
90 90
91 91
92 92
93 93
94 94
95 95
96 96
97 97
98 98
99 99
100 100
101 101
102 102
103 103
104 104
105 105
106 106
107 107
108 108
109 109
110 110
111 111
112 112
113 113
114 114
115 115
116 116
117 117
118 118
119 119
120 120
121 121
122 122
123 123
124 124
125 125
126 126
127 127
128 128
129 129
130 130
131 131
132 132
133 133
134 134
135 135
136 136
137 137
138 138
139 139
140 140
141 141
142 142
143 143
144 144
145 145
146 146
147 147
148 148
149 149
150 150
151 151
152 152
153 153
154 154
155 155
156 156
157 157
158 158
159 159
160 160
161 161
162 162
163 163
164 164
165 165
166 166
167 167
168 168
169 169
170 170
171 171
172 172
173 173
174 174
175 175
176 176
177 177
178 178
179 179
180 180
181 181
182 182
183 183
184 184
185 185
186 186
187 187
188 188
189 189
190 190
191 191
192 192
193 193
194 194
195 195
196 196
197 197
198 198
199 199
200 200
201 201
202 202
203 203
204 204
205 205
206 206
207 207
208 208
209 209
210 210
211 211
212 212
213 213
214 214
215 215
216 216
217 217
218 218
219 219
220 220
221 221
222 222
223 223
224 224
225 225
226 226
227 227
228 228
229 229
230 230
231 231
232 232
233 233
234 234
235 235
236 236
237 237
238 238
239 239
240 240
241 241
242 242
243 243
244 244
245 245
246 246
247 247
248 248
249 249
250 250
251 251
252 252
253 253
254 254
255 255
256 256
257 257
258 258
259 259
260 260
261 261
262 262
263 263
264 264
265 265
266 266
267 267
268 268
269 269
270 270
271 271
272 272
273 273
274 274
275 275
276 276
277 277
278 278
279 279
280 280
281 281
282 282
283 283
284 284
285 285
286 286
287 287
288 288
289 289
290 290
291 291
292 292
293 293
294 294
295 295
296 296
297 297
298 298
299 299
300 300
301 301
302 302
303 303
304 304
305 305
306 306
307 307
308 308
309 309
310 310
311 311
312 312
313 313
314 314
315 315
316 316
317 317
318 318
319 319
320 320
321 321
322 322
323 323
324 324
325 325
326 326
327 327
328 328
329 329
330 330
331 331
332 332
333 333
334 334
335 335
336 336
337 337
338 338
339 339
340 340
341 341
342 342
343 343
344 344
345 345
346 346
347 347
348 348
349 349
350 350
351 351
352 352
353 353
354 354
355 355
356 356
357 357
358 358
359 359
360 360
361 361
362 362
363 363
364 364
365 365
366 366
367 367
368 368
369 369
370 370
371 371
372 372
373 373
374 374
375 375
376 376
377 377
378 378
379 379
380 380
381 381
382 382
383 383
384 384
385 385
386 386
387 387
388 388
389 389
390 390
391 391
392 392
393 393
394 394
395 395
396 396
397 397
398 398
399 399
400 400
401 401
402 402
403 403
404 404
405 405
406 406
407 407
408 408
409 409
410 410
411 411
412 412
413 413
414 414
415 415
416 416
417 417
418 418
419 419
420 420
421 421
422 422
423 423
424 424
425 425
426 426
427 427
428 428
429 429
430 430
431 431
432 432
433 433
434 434
435 435
436 436
437 437
438 438
439 439
440 440
441 441
442 442
443 443
444 444
445 445
446 446
447 447
448 448
449 449
450 450
451 451
452 452
453 453
454 454
455 455
456 456
457 457
458 458
459 459
460 460
461 461
462 462
463 463
464 464
465 465
466 466
467 467
468 468
469 469
470 470
471 471
472 472
473 473
474 474
475 475
476 476
477 477
478 478
479 479
480 480
481 481
482 482
483 483
484 484
485 485
486 486
487 487
488 488
489 489
490 490
491 491
492 492
493 493
494 494
495 495
496 496
497 497
498 498
499 499
500 500
501 501
502 502
503 503
504 504
4
9974 1
9975 2
9976 3
9977 4
1 9974
2 9975
3 9976
4 9977
12

0
2
0
2
OSSO-4
504
1 2 3 4 5 6 7 8 9 10 11 12 13 14 15 16 17 18 19 20 21 22 23 24 25 26 27 28 29 30 31 32 33 34 35 36 37 38 39 40 41 42 43 44 45 46 47 48 49 50 51 52 53 54 55 56 57 58 59 60 61 62 63 64 65 66 67 68 69 70 71 72 73 74 75 76 77 78 79 80 81 82 83 84 85 86 87 88 89 90 91 92 93 94 95 96 97 98 99 100 101 102 103 104 105 106 107 108 109 110 111 112 113 114 115 116 117 118 119 120 121 122 123 124 125 126 127 128 129 130 131 132 133 134 135 136 137 138 139 140 141 142 143 144 145 146 147 148 149 150 151 152 153 154 155 156 157 158 159 160 161 162 163 164 165 166 167 168 169 170 171 172 173 174 175 176 177 178 179 180 181 182 183 184 185 186 187 188 189 190 191 192 193 194 195 196 197 198 199 200 201 202 203 204 205 206 207 208 209 210 211 212 213 214 215 216 217 218 219 220 221 222 223 224 225 226 227 228 229 230 231 232 233 234 235 236 237 238 239 240 241 242 243 244 245 246 247 248 249 250 251 252 253 254 255 256 257 258 259 260 261 262 263 264 265 266 267 268 269 270 271 272 273 274 275 276 277 278 279 280 281 282 283 284 285 286 287 288 289 290 291 292 293 294 295 296 297 298 299 300 301 302 303 304 305 306 307 308 309 310 311 312 313 314 315 316 317 318 319 320 321 322 323 324 325 326 327 328 329 330 331 332 333 334 335 336 337 338 339 340 341 342 343 344 345 346 347 348 349 350 351 352 353 354 355 356 357 358 359 360 361 362 363 364 365 366 367 368 369 370 371 372 373 374 375 376 377 378 379 380 381 382 383 384 385 386 387 388 389 390 391 392 393 394 395 396 397 398 399 400 401 402 403 404 405 406 407 408 409 410 411 412 413 414 415 416 417 418 419 420 421 422 423 424 425 426 427 428 429 430 431 432 433 434 435 436 437 438 439 440 441 442 443 444 445 446 447 448 449 450 451 452 453 454 455 456 457 458 459 460 461 462 463 464 465 466 467 468 469 470 471 472 473 474 475 476 477 478 479 480 481 482 483 484 485 486 487 488 489 490 491 492 493 494 495 496 497 498 499 500 501 502 503 504 

4
9974 9975 9976 9977 
0
 L     Z
0
4
1
9974 
0
0
 L    AA
0
4
1
9975 
0
0
 L    AC
0
4
1
9976 
0
0
 L    AE
0
4
1
9977 
0
0
BASE-OSSO
0
1
0
1
OSSO-4
9
1 31 34 36 37 68 69 71 95 
0
_S_SURF-1_S2
0
2
0
1
OSSO-4
1
80 
0
_S_SURF-1_S4
0
2
0
1
OSSO-4
1
79 
0
_S_SURF-2_S2
0
2
0
1
OSSO-4
2
27 28 
0
_S_SURF-3_S2
0
2
0
1
OSSO-4
1
80 
0
_S_SURF-3_S4
0
2
0
1
OSSO-4
1
79 
0
_S_SURF-4_S2
0
2
0
1
OSSO-4
2
27 28 
0
2
OSSO-4
2
 P       1
0
2
504
1 2 3 4 5 6 7 8 9 10 11 12 13 14 15 16 17 18 19 20 21 22 23 24 25 26 27 28 29 30 31 32 33 34 35 36 37 38 39 40 41 42 43 44 45 46 47 48 49 50 51 52 53 54 55 56 57 58 59 60 61 62 63 64 65 66 67 68 69 70 71 72 73 74 75 76 77 78 79 80 81 82 83 84 85 86 87 88 89 90 91 92 93 94 95 96 97 98 99 100 101 102 103 104 105 106 107 108 109 110 111 112 113 114 115 116 117 118 119 120 121 122 123 124 125 126 127 128 129 130 131 132 133 134 135 136 137 138 139 140 141 142 143 144 145 146 147 148 149 150 151 152 153 154 155 156 157 158 159 160 161 162 163 164 165 166 167 168 169 170 171 172 173 174 175 176 177 178 179 180 181 182 183 184 185 186 187 188 189 190 191 192 193 194 195 196 197 198 199 200 201 202 203 204 205 206 207 208 209 210 211 212 213 214 215 216 217 218 219 220 221 222 223 224 225 226 227 228 229 230 231 232 233 234 235 236 237 238 239 240 241 242 243 244 245 246 247 248 249 250 251 252 253 254 255 256 257 258 259 260 261 262 263 264 265 266 267 268 269 270 271 272 273 274 275 276 277 278 279 280 281 282 283 284 285 286 287 288 289 290 291 292 293 294 295 296 297 298 299 300 301 302 303 304 305 306 307 308 309 310 311 312 313 314 315 316 317 318 319 320 321 322 323 324 325 326 327 328 329 330 331 332 333 334 335 336 337 338 339 340 341 342 343 344 345 346 347 348 349 350 351 352 353 354 355 356 357 358 359 360 361 362 363 364 365 366 367 368 369 370 371 372 373 374 375 376 377 378 379 380 381 382 383 384 385 386 387 388 389 390 391 392 393 394 395 396 397 398 399 400 401 402 403 404 405 406 407 408 409 410 411 412 413 414 415 416 417 418 419 420 421 422 423 424 425 426 427 428 429 430 431 432 433 434 435 436 437 438 439 440 441 442 443 444 445 446 447 448 449 450 451 452 453 454 455 456 457 458 459 460 461 462 463 464 465 466 467 468 469 470 471 472 473 474 475 476 477 478 479 480 481 482 483 484 485 486 487 488 489 490 491 492 493 494 495 496 497 498 499 500 501 502 503 504 
0
0
SET-OSSO
0
1
504
1 2 3 4 5 6 7 8 9 10 11 12 13 14 15 16 17 18 19 20 21 22 23 24 25 26 27 28 29 30 31 32 33 34 35 36 37 38 39 40 41 42 43 44 45 46 47 48 49 50 51 52 53 54 55 56 57 58 59 60 61 62 63 64 65 66 67 68 69 70 71 72 73 74 75 76 77 78 79 80 81 82 83 84 85 86 87 88 89 90 91 92 93 94 95 96 97 98 99 100 101 102 103 104 105 106 107 108 109 110 111 112 113 114 115 116 117 118 119 120 121 122 123 124 125 126 127 128 129 130 131 132 133 134 135 136 137 138 139 140 141 142 143 144 145 146 147 148 149 150 151 152 153 154 155 156 157 158 159 160 161 162 163 164 165 166 167 168 169 170 171 172 173 174 175 176 177 178 179 180 181 182 183 184 185 186 187 188 189 190 191 192 193 194 195 196 197 198 199 200 201 202 203 204 205 206 207 208 209 210 211 212 213 214 215 216 217 218 219 220 221 222 223 224 225 226 227 228 229 230 231 232 233 234 235 236 237 238 239 240 241 242 243 244 245 246 247 248 249 250 251 252 253 254 255 256 257 258 259 260 261 262 263 264 265 266 267 268 269 270 271 272 273 274 275 276 277 278 279 280 281 282 283 284 285 286 287 288 289 290 291 292 293 294 295 296 297 298 299 300 301 302 303 304 305 306 307 308 309 310 311 312 313 314 315 316 317 318 319 320 321 322 323 324 325 326 327 328 329 330 331 332 333 334 335 336 337 338 339 340 341 342 343 344 345 346 347 348 349 350 351 352 353 354 355 356 357 358 359 360 361 362 363 364 365 366 367 368 369 370 371 372 373 374 375 376 377 378 379 380 381 382 383 384 385 386 387 388 389 390 391 392 393 394 395 396 397 398 399 400 401 402 403 404 405 406 407 408 409 410 411 412 413 414 415 416 417 418 419 420 421 422 423 424 425 426 427 428 429 430 431 432 433 434 435 436 437 438 439 440 441 442 443 444 445 446 447 448 449 450 451 452 453 454 455 456 457 458 459 460 461 462 463 464 465 466 467 468 469 470 471 472 473 474 475 476 477 478 479 480 481 482 483 484 485 486 487 488 489 490 491 492 493 494 495 496 497 498 499 500 501 502 503 504 
0
0
0

1
 P       0
0
2
4
9974 9975 9976 9977 
0
0
0
9

0
2
0
2

3
1 2 3 
OSSO-4
1595
4 5 6 7 8 9 10 11 12 13 14 15 16 17 18 19 20 21 22 23 24 25 26 27 28 29 30 31 32 33 34 35 36 37 38 39 40 41 42 43 44 45 46 47 48 49 50 51 52 53 54 55 56 57 58 59 60 61 62 63 64 65 66 67 68 69 70 71 72 73 74 75 76 77 78 79 80 81 82 83 84 85 86 87 88 89 90 91 92 93 94 95 96 97 98 99 100 101 102 103 104 105 106 107 108 109 110 111 112 113 114 115 116 117 118 119 120 121 122 123 124 125 126 127 128 129 130 131 132 133 134 135 136 137 138 139 140 141 142 143 144 145 146 147 148 149 150 151 152 153 154 155 156 157 158 159 160 161 162 163 164 165 166 167 168 169 170 171 172 173 174 175 176 177 178 179 180 181 182 183 184 185 186 187 188 189 190 191 192 193 194 195 196 197 198 199 200 201 202 203 204 205 206 207 208 209 210 211 212 213 214 215 216 217 218 219 220 221 222 223 224 225 226 227 228 229 230 231 232 233 234 235 236 237 238 239 240 241 242 243 244 245 246 247 248 249 250 251 252 253 254 255 256 257 258 259 260 261 262 263 264 265 266 267 268 269 270 271 272 273 274 275 276 277 278 279 280 281 282 283 284 285 286 287 288 289 290 291 292 293 294 295 296 297 298 299 300 301 302 303 304 305 306 307 308 309 310 311 312 313 314 315 316 317 318 319 320 321 322 323 324 325 326 327 328 329 330 331 332 333 334 335 336 337 338 339 340 341 342 343 344 345 346 347 348 349 350 351 352 353 354 355 356 357 358 359 360 361 362 363 364 365 366 367 368 369 370 371 372 373 374 375 376 377 378 379 380 381 382 383 384 385 386 387 388 389 390 391 392 393 394 395 396 397 398 399 400 401 402 403 404 405 406 407 408 409 410 411 412 413 414 415 416 417 418 419 420 421 422 423 424 425 426 427 428 429 430 431 432 433 434 435 436 437 438 439 440 441 442 443 444 445 446 447 448 449 450 451 452 453 454 455 456 457 458 459 460 461 462 463 464 465 466 467 468 469 470 471 472 473 474 475 476 477 478 479 480 481 482 483 484 485 486 487 488 489 490 491 492 493 494 495 496 497 498 499 500 501 502 503 504 505 506 507 508 509 510 511 512 513 514 515 516 517 518 519 520 521 522 523 524 525 526 527 528 529 530 531 532 533 534 535 536 537 538 539 540 541 542 543 544 545 546 547 548 549 550 551 552 553 554 555 556 557 558 559 560 561 562 563 564 565 566 567 568 569 570 571 572 573 574 575 576 577 578 579 580 581 582 583 584 585 586 587 588 589 590 591 592 593 594 595 596 597 598 599 600 601 602 603 604 605 606 607 608 609 610 611 612 613 614 615 616 617 618 619 620 621 622 623 624 625 626 627 628 629 630 631 632 633 634 635 636 637 638 639 640 641 642 643 644 645 646 647 648 649 650 651 652 653 654 655 656 657 658 659 660 661 662 663 664 665 666 667 668 669 670 671 672 673 674 675 676 677 678 679 680 681 682 683 684 685 686 687 688 689 690 691 692 693 694 695 696 697 698 699 700 701 702 703 704 705 706 707 708 709 710 711 712 713 714 715 716 717 718 719 720 721 722 723 724 725 726 727 728 729 730 731 732 733 734 735 736 737 738 739 740 741 742 743 744 745 746 747 748 749 750 751 752 753 754 755 756 757 758 759 760 761 762 763 764 765 766 767 768 769 770 771 772 773 774 775 776 777 778 779 780 781 782 783 784 785 786 787 788 789 790 791 792 793 794 795 796 797 798 799 800 801 802 803 804 805 806 807 808 809 810 811 812 813 814 815 816 817 818 819 820 821 822 823 824 825 826 827 828 829 830 831 832 833 834 835 836 837 838 839 840 841 842 843 844 845 846 847 848 849 850 851 852 853 854 855 856 857 858 859 860 861 862 863 864 865 866 867 868 869 870 871 872 873 874 875 876 877 878 879 880 881 882 883 884 885 886 887 888 889 890 891 892 893 894 895 896 897 898 899 900 901 902 903 904 905 906 907 908 909 910 911 912 913 914 915 916 917 918 919 920 921 922 923 924 925 926 927 928 929 930 931 932 933 934 935 936 937 938 939 940 941 942 943 944 945 946 947 948 949 950 951 952 953 954 955 956 957 958 959 960 961 962 963 964 965 966 967 968 969 970 971 972 973 974 975 976 977 978 979 980 981 982 983 984 985 986 987 988 989 990 991 992 993 994 995 996 997 998 999 1000 1001 1002 1003 1004 1005 1006 1007 1008 1009 1010 1011 1012 1013 1014 1015 1016 1017 1018 1019 1020 1021 1022 1023 1024 1025 1026 1027 1028 1029 1030 1031 1032 1033 1034 1035 1036 1037 1038 1039 1040 1041 1042 1043 1044 1045 1046 1047 1048 1049 1050 1051 1052 1053 1054 1055 1056 1057 1058 1059 1060 1061 1062 1063 1064 1065 1066 1067 1068 1069 1070 1071 1072 1073 1074 1075 1076 1077 1078 1079 1080 1081 1082 1083 1084 1085 1086 1087 1088 1089 1090 1091 1092 1093 1094 1095 1096 1097 1098 1099 1100 1101 1102 1103 1104 1105 1106 1107 1108 1109 1110 1111 1112 1113 1114 1115 1116 1117 1118 1119 1120 1121 1122 1123 1124 1125 1126 1127 1128 1129 1130 1131 1132 1133 1134 1135 1136 1137 1138 1139 1140 1141 1142 1143 1144 1145 1146 1147 1148 1149 1150 1151 1152 1153 1154 1155 1156 1157 1158 1159 1160 1161 1162 1163 1164 1165 1166 1167 1168 1169 1170 1171 1172 1173 1174 1175 1176 1177 1178 1179 1180 1181 1182 1183 1184 1185 1186 1187 1188 1189 1190 1191 1192 1193 1194 1195 1196 1197 1198 1199 1200 1201 1202 1203 1204 1205 1206 1207 1208 1209 1210 1211 1212 1213 1214 1215 1216 1217 1218 1219 1220 1221 1222 1223 1224 1225 1226 1227 1228 1229 1230 1231 1232 1233 1234 1235 1236 1237 1238 1239 1240 1241 1242 1243 1244 1245 1246 1247 1248 1249 1250 1251 1252 1253 1254 1255 1256 1257 1258 1259 1260 1261 1262 1263 1264 1265 1266 1267 1268 1269 1270 1271 1272 1273 1274 1275 1276 1277 1278 1279 1280 1281 1282 1283 1284 1285 1286 1287 1288 1289 1290 1291 1292 1293 1294 1295 1296 1297 1298 1299 1300 1301 1302 1303 1304 1305 1306 1307 1308 1309 1310 1311 1312 1313 1314 1315 1316 1317 1318 1319 1320 1321 1322 1323 1324 1325 1326 1327 1328 1329 1330 1331 1332 1333 1334 1335 1336 1337 1338 1339 1340 1341 1342 1343 1344 1345 1346 1347 1348 1349 1350 1351 1352 1353 1354 1355 1356 1357 1358 1359 1360 1361 1362 1363 1364 1365 1366 1367 1368 1369 1370 1371 1372 1373 1374 1375 1376 1377 1378 1379 1380 1381 1382 1383 1384 1385 1386 1387 1388 1389 1390 1391 1392 1393 1394 1395 1396 1397 1398 1399 1400 1401 1402 1403 1404 1405 1406 1407 1408 1409 1410 1411 1412 1413 1414 1415 1416 1417 1418 1419 1420 1421 1422 1423 1424 1425 1426 1427 1428 1429 1430 1431 1432 1433 1434 1435 1436 1437 1438 1439 1440 1441 1442 1443 1444 1445 1446 1447 1448 1449 1450 1451 1452 1453 1454 1455 1456 1457 1458 1459 1460 1461 1462 1463 1464 1465 1466 1467 1468 1469 1470 1471 1472 1473 1474 1475 1476 1477 1478 1479 1480 1481 1482 1483 1484 1485 1486 1487 1488 1489 1490 1491 1492 1493 1494 1495 1496 1497 1498 1499 1500 1501 1502 1503 1504 1505 1506 1507 1508 1509 1510 1511 1512 1513 1514 1515 1516 1517 1518 1519 1520 1521 1522 1523 1524 1525 1526 1527 1528 1529 1530 1531 1532 1533 1534 1535 1536 1537 1538 1539 1540 1541 1542 1543 1544 1545 1546 1547 1548 1549 1550 1551 1552 1553 1554 1555 1556 1557 1558 1559 1560 1561 1562 1563 1564 1565 1566 1567 1568 1569 1570 1571 1572 1573 1574 1575 1576 1577 1578 1579 1580 1581 1582 1583 1584 1585 1586 1587 1588 1589 1590 1591 1592 1593 1594 1595 1596 1597 1598 
0
BASE-OSSO
0
1
0
1
OSSO-4
19
4 5 38 39 40 41 42 43 44 45 553 660 670 678 680 776 779 785 845 
0
M_SET-3
0
1
1
1 
0
0
M_SET-5
0
1
1
2 
0
0
M_SET-7
0
1
1
3 
0
0
M_SET-8
0
1
1
3 
0
0
SET-2
0
1
1
1 
0
0
SET-4
0
1
1
2 
0
0
TEST-POINTS
0
1
0
1
OSSO-4
4
6 7 15 37 
0
2
OSSO-4
2
 P       1
0
2
1595
4 5 6 7 8 9 10 11 12 13 14 15 16 17 18 19 20 21 22 23 24 25 26 27 28 29 30 31 32 33 34 35 36 37 38 39 40 41 42 43 44 45 46 47 48 49 50 51 52 53 54 55 56 57 58 59 60 61 62 63 64 65 66 67 68 69 70 71 72 73 74 75 76 77 78 79 80 81 82 83 84 85 86 87 88 89 90 91 92 93 94 95 96 97 98 99 100 101 102 103 104 105 106 107 108 109 110 111 112 113 114 115 116 117 118 119 120 121 122 123 124 125 126 127 128 129 130 131 132 133 134 135 136 137 138 139 140 141 142 143 144 145 146 147 148 149 150 151 152 153 154 155 156 157 158 159 160 161 162 163 164 165 166 167 168 169 170 171 172 173 174 175 176 177 178 179 180 181 182 183 184 185 186 187 188 189 190 191 192 193 194 195 196 197 198 199 200 201 202 203 204 205 206 207 208 209 210 211 212 213 214 215 216 217 218 219 220 221 222 223 224 225 226 227 228 229 230 231 232 233 234 235 236 237 238 239 240 241 242 243 244 245 246 247 248 249 250 251 252 253 254 255 256 257 258 259 260 261 262 263 264 265 266 267 268 269 270 271 272 273 274 275 276 277 278 279 280 281 282 283 284 285 286 287 288 289 290 291 292 293 294 295 296 297 298 299 300 301 302 303 304 305 306 307 308 309 310 311 312 313 314 315 316 317 318 319 320 321 322 323 324 325 326 327 328 329 330 331 332 333 334 335 336 337 338 339 340 341 342 343 344 345 346 347 348 349 350 351 352 353 354 355 356 357 358 359 360 361 362 363 364 365 366 367 368 369 370 371 372 373 374 375 376 377 378 379 380 381 382 383 384 385 386 387 388 389 390 391 392 393 394 395 396 397 398 399 400 401 402 403 404 405 406 407 408 409 410 411 412 413 414 415 416 417 418 419 420 421 422 423 424 425 426 427 428 429 430 431 432 433 434 435 436 437 438 439 440 441 442 443 444 445 446 447 448 449 450 451 452 453 454 455 456 457 458 459 460 461 462 463 464 465 466 467 468 469 470 471 472 473 474 475 476 477 478 479 480 481 482 483 484 485 486 487 488 489 490 491 492 493 494 495 496 497 498 499 500 501 502 503 504 505 506 507 508 509 510 511 512 513 514 515 516 517 518 519 520 521 522 523 524 525 526 527 528 529 530 531 532 533 534 535 536 537 538 539 540 541 542 543 544 545 546 547 548 549 550 551 552 553 554 555 556 557 558 559 560 561 562 563 564 565 566 567 568 569 570 571 572 573 574 575 576 577 578 579 580 581 582 583 584 585 586 587 588 589 590 591 592 593 594 595 596 597 598 599 600 601 602 603 604 605 606 607 608 609 610 611 612 613 614 615 616 617 618 619 620 621 622 623 624 625 626 627 628 629 630 631 632 633 634 635 636 637 638 639 640 641 642 643 644 645 646 647 648 649 650 651 652 653 654 655 656 657 658 659 660 661 662 663 664 665 666 667 668 669 670 671 672 673 674 675 676 677 678 679 680 681 682 683 684 685 686 687 688 689 690 691 692 693 694 695 696 697 698 699 700 701 702 703 704 705 706 707 708 709 710 711 712 713 714 715 716 717 718 719 720 721 722 723 724 725 726 727 728 729 730 731 732 733 734 735 736 737 738 739 740 741 742 743 744 745 746 747 748 749 750 751 752 753 754 755 756 757 758 759 760 761 762 763 764 765 766 767 768 769 770 771 772 773 774 775 776 777 778 779 780 781 782 783 784 785 786 787 788 789 790 791 792 793 794 795 796 797 798 799 800 801 802 803 804 805 806 807 808 809 810 811 812 813 814 815 816 817 818 819 820 821 822 823 824 825 826 827 828 829 830 831 832 833 834 835 836 837 838 839 840 841 842 843 844 845 846 847 848 849 850 851 852 853 854 855 856 857 858 859 860 861 862 863 864 865 866 867 868 869 870 871 872 873 874 875 876 877 878 879 880 881 882 883 884 885 886 887 888 889 890 891 892 893 894 895 896 897 898 899 900 901 902 903 904 905 906 907 908 909 910 911 912 913 914 915 916 917 918 919 920 921 922 923 924 925 926 927 928 929 930 931 932 933 934 935 936 937 938 939 940 941 942 943 944 945 946 947 948 949 950 951 952 953 954 955 956 957 958 959 960 961 962 963 964 965 966 967 968 969 970 971 972 973 974 975 976 977 978 979 980 981 982 983 984 985 986 987 988 989 990 991 992 993 994 995 996 997 998 999 1000 1001 1002 1003 1004 1005 1006 1007 1008 1009 1010 1011 1012 1013 1014 1015 1016 1017 1018 1019 1020 1021 1022 1023 1024 1025 1026 1027 1028 1029 1030 1031 1032 1033 1034 1035 1036 1037 1038 1039 1040 1041 1042 1043 1044 1045 1046 1047 1048 1049 1050 1051 1052 1053 1054 1055 1056 1057 1058 1059 1060 1061 1062 1063 1064 1065 1066 1067 1068 1069 1070 1071 1072 1073 1074 1075 1076 1077 1078 1079 1080 1081 1082 1083 1084 1085 1086 1087 1088 1089 1090 1091 1092 1093 1094 1095 1096 1097 1098 1099 1100 1101 1102 1103 1104 1105 1106 1107 1108 1109 1110 1111 1112 1113 1114 1115 1116 1117 1118 1119 1120 1121 1122 1123 1124 1125 1126 1127 1128 1129 1130 1131 1132 1133 1134 1135 1136 1137 1138 1139 1140 1141 1142 1143 1144 1145 1146 1147 1148 1149 1150 1151 1152 1153 1154 1155 1156 1157 1158 1159 1160 1161 1162 1163 1164 1165 1166 1167 1168 1169 1170 1171 1172 1173 1174 1175 1176 1177 1178 1179 1180 1181 1182 1183 1184 1185 1186 1187 1188 1189 1190 1191 1192 1193 1194 1195 1196 1197 1198 1199 1200 1201 1202 1203 1204 1205 1206 1207 1208 1209 1210 1211 1212 1213 1214 1215 1216 1217 1218 1219 1220 1221 1222 1223 1224 1225 1226 1227 1228 1229 1230 1231 1232 1233 1234 1235 1236 1237 1238 1239 1240 1241 1242 1243 1244 1245 1246 1247 1248 1249 1250 1251 1252 1253 1254 1255 1256 1257 1258 1259 1260 1261 1262 1263 1264 1265 1266 1267 1268 1269 1270 1271 1272 1273 1274 1275 1276 1277 1278 1279 1280 1281 1282 1283 1284 1285 1286 1287 1288 1289 1290 1291 1292 1293 1294 1295 1296 1297 1298 1299 1300 1301 1302 1303 1304 1305 1306 1307 1308 1309 1310 1311 1312 1313 1314 1315 1316 1317 1318 1319 1320 1321 1322 1323 1324 1325 1326 1327 1328 1329 1330 1331 1332 1333 1334 1335 1336 1337 1338 1339 1340 1341 1342 1343 1344 1345 1346 1347 1348 1349 1350 1351 1352 1353 1354 1355 1356 1357 1358 1359 1360 1361 1362 1363 1364 1365 1366 1367 1368 1369 1370 1371 1372 1373 1374 1375 1376 1377 1378 1379 1380 1381 1382 1383 1384 1385 1386 1387 1388 1389 1390 1391 1392 1393 1394 1395 1396 1397 1398 1399 1400 1401 1402 1403 1404 1405 1406 1407 1408 1409 1410 1411 1412 1413 1414 1415 1416 1417 1418 1419 1420 1421 1422 1423 1424 1425 1426 1427 1428 1429 1430 1431 1432 1433 1434 1435 1436 1437 1438 1439 1440 1441 1442 1443 1444 1445 1446 1447 1448 1449 1450 1451 1452 1453 1454 1455 1456 1457 1458 1459 1460 1461 1462 1463 1464 1465 1466 1467 1468 1469 1470 1471 1472 1473 1474 1475 1476 1477 1478 1479 1480 1481 1482 1483 1484 1485 1486 1487 1488 1489 1490 1491 1492 1493 1494 1495 1496 1497 1498 1499 1500 1501 1502 1503 1504 1505 1506 1507 1508 1509 1510 1511 1512 1513 1514 1515 1516 1517 1518 1519 1520 1521 1522 1523 1524 1525 1526 1527 1528 1529 1530 1531 1532 1533 1534 1535 1536 1537 1538 1539 1540 1541 1542 1543 1544 1545 1546 1547 1548 1549 1550 1551 1552 1553 1554 1555 1556 1557 1558 1559 1560 1561 1562 1563 1564 1565 1566 1567 1568 1569 1570 1571 1572 1573 1574 1575 1576 1577 1578 1579 1580 1581 1582 1583 1584 1585 1586 1587 1588 1589 1590 1591 1592 1593 1594 1595 1596 1597 1598 
0
0
SET-OSSO
0
1
1595
4 5 6 7 8 9 10 11 12 13 14 15 16 17 18 19 20 21 22 23 24 25 26 27 28 29 30 31 32 33 34 35 36 37 38 39 40 41 42 43 44 45 46 47 48 49 50 51 52 53 54 55 56 57 58 59 60 61 62 63 64 65 66 67 68 69 70 71 72 73 74 75 76 77 78 79 80 81 82 83 84 85 86 87 88 89 90 91 92 93 94 95 96 97 98 99 100 101 102 103 104 105 106 107 108 109 110 111 112 113 114 115 116 117 118 119 120 121 122 123 124 125 126 127 128 129 130 131 132 133 134 135 136 137 138 139 140 141 142 143 144 145 146 147 148 149 150 151 152 153 154 155 156 157 158 159 160 161 162 163 164 165 166 167 168 169 170 171 172 173 174 175 176 177 178 179 180 181 182 183 184 185 186 187 188 189 190 191 192 193 194 195 196 197 198 199 200 201 202 203 204 205 206 207 208 209 210 211 212 213 214 215 216 217 218 219 220 221 222 223 224 225 226 227 228 229 230 231 232 233 234 235 236 237 238 239 240 241 242 243 244 245 246 247 248 249 250 251 252 253 254 255 256 257 258 259 260 261 262 263 264 265 266 267 268 269 270 271 272 273 274 275 276 277 278 279 280 281 282 283 284 285 286 287 288 289 290 291 292 293 294 295 296 297 298 299 300 301 302 303 304 305 306 307 308 309 310 311 312 313 314 315 316 317 318 319 320 321 322 323 324 325 326 327 328 329 330 331 332 333 334 335 336 337 338 339 340 341 342 343 344 345 346 347 348 349 350 351 352 353 354 355 356 357 358 359 360 361 362 363 364 365 366 367 368 369 370 371 372 373 374 375 376 377 378 379 380 381 382 383 384 385 386 387 388 389 390 391 392 393 394 395 396 397 398 399 400 401 402 403 404 405 406 407 408 409 410 411 412 413 414 415 416 417 418 419 420 421 422 423 424 425 426 427 428 429 430 431 432 433 434 435 436 437 438 439 440 441 442 443 444 445 446 447 448 449 450 451 452 453 454 455 456 457 458 459 460 461 462 463 464 465 466 467 468 469 470 471 472 473 474 475 476 477 478 479 480 481 482 483 484 485 486 487 488 489 490 491 492 493 494 495 496 497 498 499 500 501 502 503 504 505 506 507 508 509 510 511 512 513 514 515 516 517 518 519 520 521 522 523 524 525 526 527 528 529 530 531 532 533 534 535 536 537 538 539 540 541 542 543 544 545 546 547 548 549 550 551 552 553 554 555 556 557 558 559 560 561 562 563 564 565 566 567 568 569 570 571 572 573 574 575 576 577 578 579 580 581 582 583 584 585 586 587 588 589 590 591 592 593 594 595 596 597 598 599 600 601 602 603 604 605 606 607 608 609 610 611 612 613 614 615 616 617 618 619 620 621 622 623 624 625 626 627 628 629 630 631 632 633 634 635 636 637 638 639 640 641 642 643 644 645 646 647 648 649 650 651 652 653 654 655 656 657 658 659 660 661 662 663 664 665 666 667 668 669 670 671 672 673 674 675 676 677 678 679 680 681 682 683 684 685 686 687 688 689 690 691 692 693 694 695 696 697 698 699 700 701 702 703 704 705 706 707 708 709 710 711 712 713 714 715 716 717 718 719 720 721 722 723 724 725 726 727 728 729 730 731 732 733 734 735 736 737 738 739 740 741 742 743 744 745 746 747 748 749 750 751 752 753 754 755 756 757 758 759 760 761 762 763 764 765 766 767 768 769 770 771 772 773 774 775 776 777 778 779 780 781 782 783 784 785 786 787 788 789 790 791 792 793 794 795 796 797 798 799 800 801 802 803 804 805 806 807 808 809 810 811 812 813 814 815 816 817 818 819 820 821 822 823 824 825 826 827 828 829 830 831 832 833 834 835 836 837 838 839 840 841 842 843 844 845 846 847 848 849 850 851 852 853 854 855 856 857 858 859 860 861 862 863 864 865 866 867 868 869 870 871 872 873 874 875 876 877 878 879 880 881 882 883 884 885 886 887 888 889 890 891 892 893 894 895 896 897 898 899 900 901 902 903 904 905 906 907 908 909 910 911 912 913 914 915 916 917 918 919 920 921 922 923 924 925 926 927 928 929 930 931 932 933 934 935 936 937 938 939 940 941 942 943 944 945 946 947 948 949 950 951 952 953 954 955 956 957 958 959 960 961 962 963 964 965 966 967 968 969 970 971 972 973 974 975 976 977 978 979 980 981 982 983 984 985 986 987 988 989 990 991 992 993 994 995 996 997 998 999 1000 1001 1002 1003 1004 1005 1006 1007 1008 1009 1010 1011 1012 1013 1014 1015 1016 1017 1018 1019 1020 1021 1022 1023 1024 1025 1026 1027 1028 1029 1030 1031 1032 1033 1034 1035 1036 1037 1038 1039 1040 1041 1042 1043 1044 1045 1046 1047 1048 1049 1050 1051 1052 1053 1054 1055 1056 1057 1058 1059 1060 1061 1062 1063 1064 1065 1066 1067 1068 1069 1070 1071 1072 1073 1074 1075 1076 1077 1078 1079 1080 1081 1082 1083 1084 1085 1086 1087 1088 1089 1090 1091 1092 1093 1094 1095 1096 1097 1098 1099 1100 1101 1102 1103 1104 1105 1106 1107 1108 1109 1110 1111 1112 1113 1114 1115 1116 1117 1118 1119 1120 1121 1122 1123 1124 1125 1126 1127 1128 1129 1130 1131 1132 1133 1134 1135 1136 1137 1138 1139 1140 1141 1142 1143 1144 1145 1146 1147 1148 1149 1150 1151 1152 1153 1154 1155 1156 1157 1158 1159 1160 1161 1162 1163 1164 1165 1166 1167 1168 1169 1170 1171 1172 1173 1174 1175 1176 1177 1178 1179 1180 1181 1182 1183 1184 1185 1186 1187 1188 1189 1190 1191 1192 1193 1194 1195 1196 1197 1198 1199 1200 1201 1202 1203 1204 1205 1206 1207 1208 1209 1210 1211 1212 1213 1214 1215 1216 1217 1218 1219 1220 1221 1222 1223 1224 1225 1226 1227 1228 1229 1230 1231 1232 1233 1234 1235 1236 1237 1238 1239 1240 1241 1242 1243 1244 1245 1246 1247 1248 1249 1250 1251 1252 1253 1254 1255 1256 1257 1258 1259 1260 1261 1262 1263 1264 1265 1266 1267 1268 1269 1270 1271 1272 1273 1274 1275 1276 1277 1278 1279 1280 1281 1282 1283 1284 1285 1286 1287 1288 1289 1290 1291 1292 1293 1294 1295 1296 1297 1298 1299 1300 1301 1302 1303 1304 1305 1306 1307 1308 1309 1310 1311 1312 1313 1314 1315 1316 1317 1318 1319 1320 1321 1322 1323 1324 1325 1326 1327 1328 1329 1330 1331 1332 1333 1334 1335 1336 1337 1338 1339 1340 1341 1342 1343 1344 1345 1346 1347 1348 1349 1350 1351 1352 1353 1354 1355 1356 1357 1358 1359 1360 1361 1362 1363 1364 1365 1366 1367 1368 1369 1370 1371 1372 1373 1374 1375 1376 1377 1378 1379 1380 1381 1382 1383 1384 1385 1386 1387 1388 1389 1390 1391 1392 1393 1394 1395 1396 1397 1398 1399 1400 1401 1402 1403 1404 1405 1406 1407 1408 1409 1410 1411 1412 1413 1414 1415 1416 1417 1418 1419 1420 1421 1422 1423 1424 1425 1426 1427 1428 1429 1430 1431 1432 1433 1434 1435 1436 1437 1438 1439 1440 1441 1442 1443 1444 1445 1446 1447 1448 1449 1450 1451 1452 1453 1454 1455 1456 1457 1458 1459 1460 1461 1462 1463 1464 1465 1466 1467 1468 1469 1470 1471 1472 1473 1474 1475 1476 1477 1478 1479 1480 1481 1482 1483 1484 1485 1486 1487 1488 1489 1490 1491 1492 1493 1494 1495 1496 1497 1498 1499 1500 1501 1502 1503 1504 1505 1506 1507 1508 1509 1510 1511 1512 1513 1514 1515 1516 1517 1518 1519 1520 1521 1522 1523 1524 1525 1526 1527 1528 1529 1530 1531 1532 1533 1534 1535 1536 1537 1538 1539 1540 1541 1542 1543 1544 1545 1546 1547 1548 1549 1550 1551 1552 1553 1554 1555 1556 1557 1558 1559 1560 1561 1562 1563 1564 1565 1566 1567 1568 1569 1570 1571 1572 1573 1574 1575 1576 1577 1578 1579 1580 1581 1582 1583 1584 1585 1586 1587 1588 1589 1590 1591 1592 1593 1594 1595 1596 1597 1598 
0
0
0

1
 P       0
0
2
3
1 2 3 
0
0
0
0
4
S_SURF-1
0
0
0
1
OSSO-4
0
0
2
S4
1
79 
S2
1
80 
S_SURF-2
0
0
0
1
OSSO-4
0
0
1
S2
2
27 28 
S_SURF-3
0
0
0
1
OSSO-4
0
0
2
S4
1
79 
S2
1
80 
S_SURF-4
0
0
0
1
OSSO-4
0
0
1
S2
2
27 28 
