********************************************************************************
Probe Values Report, written on Fri Oct 25 13:07:22 2024

Source
-------

   ODB: C:/temp/supra-half.odb
   Step: Step-1
   Frame: Increment      1: Step Time =    1.000
   Variable: S, Mises (Avg: 75)

Probe values reported at nodes

  Part Instance     Node ID                     Orig. Coords                                       Def. Coords                   
                                    X                Y                Z                X                Y                Z       
-------------------------------------------------------------------------------------------------------------------------------
  IMPLANTE-2-COPY4-1        1300          10.1536          14.2653               0.          10.1989          14.2599               0.
  IMPLANTE-2-COPY4-1        2210         -3.43434          31.8012               0.         -3.37628          31.8055               0.
  OSSO-DIVIDED-CUT-1        1875           9.8876         -26.9024               0.          9.89676         -26.9039               0.


  Part Instance     Node ID  Attached elements         S, Mises
----------------------------------------------------------------
  IMPLANTE-2-COPY4-1        1300              221          1.06022
  IMPLANTE-2-COPY4-1        1300              242          1.06022
  IMPLANTE-2-COPY4-1        2210              665          1.30105
  IMPLANTE-2-COPY4-1        2210              678          1.30105
  OSSO-DIVIDED-CUT-1        1875              183      511.318E-03
  OSSO-DIVIDED-CUT-1        1875              754      511.318E-03


