********************************************************************************
Probe Values Report, written on Fri Oct 25 12:52:27 2024

Source
-------

   ODB: C:/temp/osso-implante-titanium.odb
   Step: Step-1
   Frame: Increment      1: Step Time =    1.000
   Variable: S, Mises (Avg: 75)

Probe values reported at nodes

  Part Instance     Node ID            Orig. Coords                     Def. Coords          
                                 X          Y          Z          X          Y          Z    
-------------------------------------------------------------------------------------------
  IMPLANTE-2-COPY4-1        1300        10.        14.        0.0        10.        14.        0.0
  IMPLANTE-2-COPY4-1        2210        -3.        32.        0.0        -3.        32.        0.0
  OSSO-DIVIDED-CUT-1        1875        10.       -27.        0.0        10.       -27.        0.0


  Part Instance     Node ID  Attached elements   S, Mises
----------------------------------------------------------
  IMPLANTE-2-COPY4-1        1300        221   804.E-03
  IMPLANTE-2-COPY4-1        1300        242   804.E-03
  IMPLANTE-2-COPY4-1        2210        665         1.
  IMPLANTE-2-COPY4-1        2210        678         1.
  OSSO-DIVIDED-CUT-1        1875        183   390.E-03
  OSSO-DIVIDED-CUT-1        1875        754   390.E-03


********************************************************************************
Probe Values Report, written on Fri Oct 25 12:52:37 2024

Source
-------

   ODB: C:/temp/osso-implante-titanium.odb
   Step: Step-1
   Frame: Increment      1: Step Time =    1.000
   Variable: S, Mises (Avg: 75)

Probe values reported at nodes

  Part Instance     Node ID                     Orig. Coords                                       Def. Coords                   
                                    X                Y                Z                X                Y                Z       
-------------------------------------------------------------------------------------------------------------------------------
  IMPLANTE-2-COPY4-1        1300          10.1536          14.2653               0.          10.1792          14.2608               0.
  IMPLANTE-2-COPY4-1        2210         -3.43434          31.8012               0.         -3.40383          31.8003               0.
  OSSO-DIVIDED-CUT-1        1875           9.8876         -26.9024               0.          9.89404         -26.9037               0.


  Part Instance     Node ID  Attached elements         S, Mises
----------------------------------------------------------------
  IMPLANTE-2-COPY4-1        1300              221      803.507E-03
  IMPLANTE-2-COPY4-1        1300              242      803.507E-03
  IMPLANTE-2-COPY4-1        2210              665          1.13068
  IMPLANTE-2-COPY4-1        2210              678          1.13068
  OSSO-DIVIDED-CUT-1        1875              183      389.677E-03
  OSSO-DIVIDED-CUT-1        1875              754      389.677E-03


