Analysis initiated from SIMULIA established products
Abaqus JOB tri-lin-5
Abaqus 2022
Abaqus License Manager checked out the following licenses:
Abaqus/Standard checked out 5 tokens from Flexnet server ls.dem.tecnico.ulisboa.pt.
<54 out of 75 licenses remain available>.
Begin Analysis Input File Processor
23/10/2024 15:55:25
Run pre.exe
23/10/2024 15:55:32
End Analysis Input File Processor
Begin Abaqus/Standard Analysis
23/10/2024 15:55:32
Run standard.exe
23/10/2024 15:55:39
End Abaqus/Standard Analysis
Begin SIM Wrap-up
23/10/2024 15:55:41
Run SMASimUtility.exe
23/10/2024 15:55:41
End SIM Wrap-up
Abaqus JOB tri-lin-5 COMPLETED
